<?xml version="1.0" encoding="utf-8"?>
<test-run id="2" testcasecount="14" result="Failed(Child)" total="14" passed="13" failed="1" inconclusive="0" skipped="0" asserts="0" engine-version="3.5.0.0" clr-version="4.0.30319.42000" start-time="2026-04-25 12:27:08Z" end-time="2026-04-25 12:27:08Z" duration="0,0234566">
  <test-suite type="TestSuite" id="1144" name="PorjectTests" fullname="PorjectTests" runstate="Runnable" testcasecount="115" result="Failed" site="Child" start-time="2026-04-25 12:27:08Z" end-time="2026-04-25 12:27:08Z" duration="0.023457" total="14" passed="13" failed="1" inconclusive="0" skipped="0" asserts="0">
    <properties>
      <property name="platform" value="EditMode" />
    </properties>
    <failure>
      <message><![CDATA[One or more child tests had errors]]></message>
    </failure>
    <test-suite type="Assembly" id="1123" name="Nukecs.Tests.dll" fullname="D:/Unity/NukecsSandbox/NukecsSandbox/Library/ScriptAssemblies/Nukecs.Tests.dll" runstate="Runnable" testcasecount="114" result="Failed" site="Child" start-time="2026-04-25 12:27:08Z" end-time="2026-04-25 12:27:08Z" duration="0.021175" total="14" passed="13" failed="1" inconclusive="0" skipped="0" asserts="0">
      <properties>
        <property name="_PID" value="24444" />
        <property name="_APPDOMAIN" value="Unity Child Domain" />
        <property name="platform" value="EditMode" />
        <property name="EditorOnly" value="True" />
      </properties>
      <failure>
        <message><![CDATA[One or more child tests had errors]]></message>
      </failure>
      <test-suite type="TestSuite" id="1124" name="Wargon" fullname="Wargon" runstate="Runnable" testcasecount="114" result="Failed" site="Child" start-time="2026-04-25 12:27:08Z" end-time="2026-04-25 12:27:08Z" duration="0.020904" total="14" passed="13" failed="1" inconclusive="0" skipped="0" asserts="0">
        <properties />
        <failure>
          <message><![CDATA[One or more child tests had errors]]></message>
        </failure>
        <test-suite type="TestSuite" id="1125" name="Nukecs" fullname="Wargon.Nukecs" runstate="Runnable" testcasecount="114" result="Failed" site="Child" start-time="2026-04-25 12:27:08Z" end-time="2026-04-25 12:27:08Z" duration="0.020661" total="14" passed="13" failed="1" inconclusive="0" skipped="0" asserts="0">
          <properties />
          <failure>
            <message><![CDATA[One or more child tests had errors]]></message>
          </failure>
          <test-suite type="TestSuite" id="1126" name="Tests" fullname="Wargon.Nukecs.Tests" runstate="Runnable" testcasecount="114" result="Failed" site="Child" start-time="2026-04-25 12:27:08Z" end-time="2026-04-25 12:27:08Z" duration="0.020189" total="14" passed="13" failed="1" inconclusive="0" skipped="0" asserts="0">
            <properties />
            <failure>
              <message><![CDATA[One or more child tests had errors]]></message>
            </failure>
            <test-suite type="TestFixture" id="1085" name="SystemChainTests" fullname="Wargon.Nukecs.Tests.SystemChainTests" classname="Wargon.Nukecs.Tests.SystemChainTests" runstate="Runnable" testcasecount="14" result="Failed" site="Child" start-time="2026-04-25 12:27:08Z" end-time="2026-04-25 12:27:08Z" duration="0.019816" total="14" passed="13" failed="1" inconclusive="0" skipped="0" asserts="0">
              <properties />
              <failure>
                <message><![CDATA[One or more child tests had errors]]></message>
              </failure>
              <test-case id="1096" name="Chain_AccelerationVelocityPosition_ISystem" fullname="Wargon.Nukecs.Tests.SystemChainTests.Chain_AccelerationVelocityPosition_ISystem" methodname="Chain_AccelerationVelocityPosition_ISystem" classname="Wargon.Nukecs.Tests.SystemChainTests" runstate="Runnable" seed="729337571" result="Passed" start-time="2026-04-25 12:27:08Z" end-time="2026-04-25 12:27:08Z" duration="0.001213" asserts="0">
                <properties>
                  <property name="retryIteration" value="0" />
                  <property name="repeatIteration" value="0" />
                </properties>
                <output><![CDATA[Created World 0
ECB DISPOSED
]]></output>
              </test-case>
              <test-case id="1086" name="Chain_AccelerationVelocityPositionDistance_Main" fullname="Wargon.Nukecs.Tests.SystemChainTests.Chain_AccelerationVelocityPositionDistance_Main" methodname="Chain_AccelerationVelocityPositionDistance_Main" classname="Wargon.Nukecs.Tests.SystemChainTests" runstate="Runnable" seed="1413233340" result="Passed" start-time="2026-04-25 12:27:08Z" end-time="2026-04-25 12:27:08Z" duration="0.001033" asserts="0">
                <properties>
                  <property name="retryIteration" value="0" />
                  <property name="repeatIteration" value="0" />
                </properties>
                <output><![CDATA[Created World 0
ECB DISPOSED
]]></output>
              </test-case>
              <test-case id="1088" name="Chain_AccelerationVelocityPositionDistance_Parallel" fullname="Wargon.Nukecs.Tests.SystemChainTests.Chain_AccelerationVelocityPositionDistance_Parallel" methodname="Chain_AccelerationVelocityPositionDistance_Parallel" classname="Wargon.Nukecs.Tests.SystemChainTests" runstate="Runnable" seed="549573238" result="Failed" label="Error" start-time="2026-04-25 12:27:08Z" end-time="2026-04-25 12:27:08Z" duration="0.000763" asserts="0">
                <properties>
                  <property name="retryIteration" value="0" />
                  <property name="repeatIteration" value="0" />
                </properties>
                <failure>
                  <message><![CDATA[System.Exception : Entity 0 does not have a component of type ChainVelocity]]></message>
                  <stack-trace><![CDATA[  at Wargon.Nukecs.EntityExtensions.Get[T] (Wargon.Nukecs.Entity& entity) [0x00059] in D:\Unity\NukecsSandbox\NukecsSandbox\Assets\Nukecs\src\Entity\Entity.cs:144 
  at Wargon.Nukecs.Tests.SystemChainTests.Chain_AccelerationVelocityPositionDistance_Parallel () [0x0011a] in D:\Unity\NukecsSandbox\NukecsSandbox\Assets\Nukecs\UnitTests\SystemChainTests.cs:303 
  at (wrapper managed-to-native) System.Reflection.RuntimeMethodInfo.InternalInvoke(System.Reflection.RuntimeMethodInfo,object,object[],System.Exception&)
  at System.Reflection.RuntimeMethodInfo.Invoke (System.Object obj, System.Reflection.BindingFlags invokeAttr, System.Reflection.Binder binder, System.Object[] parameters, System.Globalization.CultureInfo culture) [0x0006a] in <932fbe8ac5a946808aa5d7b95844e18c>:0 ]]></stack-trace>
                </failure>
                <output><![CDATA[Created World 0
]]></output>
              </test-case>
              <test-case id="1087" name="Chain_AccelerationVelocityPositionDistance_Single" fullname="Wargon.Nukecs.Tests.SystemChainTests.Chain_AccelerationVelocityPositionDistance_Single" methodname="Chain_AccelerationVelocityPositionDistance_Single" classname="Wargon.Nukecs.Tests.SystemChainTests" runstate="Runnable" seed="853522948" result="Passed" start-time="2026-04-25 12:27:08Z" end-time="2026-04-25 12:27:08Z" duration="0.001173" asserts="0">
                <properties>
                  <property name="retryIteration" value="0" />
                  <property name="repeatIteration" value="0" />
                </properties>
                <output><![CDATA[Created World 0
ECB DISPOSED
]]></output>
              </test-case>
              <test-case id="1089" name="Chain_DamageDeathClamp" fullname="Wargon.Nukecs.Tests.SystemChainTests.Chain_DamageDeathClamp" methodname="Chain_DamageDeathClamp" classname="Wargon.Nukecs.Tests.SystemChainTests" runstate="Runnable" seed="1142145810" result="Passed" start-time="2026-04-25 12:27:08Z" end-time="2026-04-25 12:27:08Z" duration="0.001088" asserts="0">
                <properties>
                  <property name="retryIteration" value="0" />
                  <property name="repeatIteration" value="0" />
                </properties>
                <output><![CDATA[Created World 0
ECB DISPOSED
]]></output>
              </test-case>
              <test-case id="1099" name="Chain_FractionalDeltaTime_AccumulatesCorrectly" fullname="Wargon.Nukecs.Tests.SystemChainTests.Chain_FractionalDeltaTime_AccumulatesCorrectly" methodname="Chain_FractionalDeltaTime_AccumulatesCorrectly" classname="Wargon.Nukecs.Tests.SystemChainTests" runstate="Runnable" seed="895769963" result="Passed" start-time="2026-04-25 12:27:08Z" end-time="2026-04-25 12:27:08Z" duration="0.001054" asserts="0">
                <properties>
                  <property name="retryIteration" value="0" />
                  <property name="repeatIteration" value="0" />
                </properties>
                <output><![CDATA[Created World 0
ECB DISPOSED
]]></output>
              </test-case>
              <test-case id="1098" name="Chain_FullPipeline_DamageDeathClamp_MultipleEntities" fullname="Wargon.Nukecs.Tests.SystemChainTests.Chain_FullPipeline_DamageDeathClamp_MultipleEntities" methodname="Chain_FullPipeline_DamageDeathClamp_MultipleEntities" classname="Wargon.Nukecs.Tests.SystemChainTests" runstate="Runnable" seed="1399415606" result="Passed" start-time="2026-04-25 12:27:08Z" end-time="2026-04-25 12:27:08Z" duration="0.001031" asserts="0">
                <properties>
                  <property name="retryIteration" value="0" />
                  <property name="repeatIteration" value="0" />
                </properties>
                <output><![CDATA[Created World 0
ECB DISPOSED
]]></output>
              </test-case>
              <test-case id="1092" name="Chain_InputSpeedVelocityPositionDistance_WithFilter" fullname="Wargon.Nukecs.Tests.SystemChainTests.Chain_InputSpeedVelocityPositionDistance_WithFilter" methodname="Chain_InputSpeedVelocityPositionDistance_WithFilter" classname="Wargon.Nukecs.Tests.SystemChainTests" runstate="Runnable" seed="1171200077" result="Passed" start-time="2026-04-25 12:27:08Z" end-time="2026-04-25 12:27:08Z" duration="0.001287" asserts="0">
                <properties>
                  <property name="retryIteration" value="0" />
                  <property name="repeatIteration" value="0" />
                </properties>
                <output><![CDATA[Created World 0
ECB DISPOSED
]]></output>
              </test-case>
              <test-case id="1097" name="Chain_MixedThreadModes_AllSystemsExecuteInOrder" fullname="Wargon.Nukecs.Tests.SystemChainTests.Chain_MixedThreadModes_AllSystemsExecuteInOrder" methodname="Chain_MixedThreadModes_AllSystemsExecuteInOrder" classname="Wargon.Nukecs.Tests.SystemChainTests" runstate="Runnable" seed="1573529706" result="Passed" start-time="2026-04-25 12:27:08Z" end-time="2026-04-25 12:27:08Z" duration="0.001114" asserts="0">
                <properties>
                  <property name="retryIteration" value="0" />
                  <property name="repeatIteration" value="0" />
                </properties>
                <output><![CDATA[Created World 0
ECB DISPOSED
]]></output>
              </test-case>
              <test-case id="1090" name="Chain_MultipleDamageTicks_KillOverTime" fullname="Wargon.Nukecs.Tests.SystemChainTests.Chain_MultipleDamageTicks_KillOverTime" methodname="Chain_MultipleDamageTicks_KillOverTime" classname="Wargon.Nukecs.Tests.SystemChainTests" runstate="Runnable" seed="1853898850" result="Passed" start-time="2026-04-25 12:27:08Z" end-time="2026-04-25 12:27:08Z" duration="0.001004" asserts="0">
                <properties>
                  <property name="retryIteration" value="0" />
                  <property name="repeatIteration" value="0" />
                </properties>
                <output><![CDATA[Created World 0
ECB DISPOSED
]]></output>
              </test-case>
              <test-case id="1093" name="Chain_MultipleEntities_IndependentDataFlow" fullname="Wargon.Nukecs.Tests.SystemChainTests.Chain_MultipleEntities_IndependentDataFlow" methodname="Chain_MultipleEntities_IndependentDataFlow" classname="Wargon.Nukecs.Tests.SystemChainTests" runstate="Runnable" seed="384616933" result="Passed" start-time="2026-04-25 12:27:08Z" end-time="2026-04-25 12:27:08Z" duration="0.000990" asserts="0">
                <properties>
                  <property name="retryIteration" value="0" />
                  <property name="repeatIteration" value="0" />
                </properties>
                <output><![CDATA[Created World 0
ECB DISPOSED
]]></output>
              </test-case>
              <test-case id="1095" name="Chain_NegativeAcceleration_Decelerates" fullname="Wargon.Nukecs.Tests.SystemChainTests.Chain_NegativeAcceleration_Decelerates" methodname="Chain_NegativeAcceleration_Decelerates" classname="Wargon.Nukecs.Tests.SystemChainTests" runstate="Runnable" seed="425756864" result="Passed" start-time="2026-04-25 12:27:08Z" end-time="2026-04-25 12:27:08Z" duration="0.001003" asserts="0">
                <properties>
                  <property name="retryIteration" value="0" />
                  <property name="repeatIteration" value="0" />
                </properties>
                <output><![CDATA[Created World 0
ECB DISPOSED
]]></output>
              </test-case>
              <test-case id="1091" name="Chain_ScoreMultiplierBonusRank" fullname="Wargon.Nukecs.Tests.SystemChainTests.Chain_ScoreMultiplierBonusRank" methodname="Chain_ScoreMultiplierBonusRank" classname="Wargon.Nukecs.Tests.SystemChainTests" runstate="Runnable" seed="1015118641" result="Passed" start-time="2026-04-25 12:27:08Z" end-time="2026-04-25 12:27:08Z" duration="0.001003" asserts="0">
                <properties>
                  <property name="retryIteration" value="0" />
                  <property name="repeatIteration" value="0" />
                </properties>
                <output><![CDATA[Created World 0
ECB DISPOSED
]]></output>
              </test-case>
              <test-case id="1094" name="Chain_ZeroAcceleration_NoMovement" fullname="Wargon.Nukecs.Tests.SystemChainTests.Chain_ZeroAcceleration_NoMovement" methodname="Chain_ZeroAcceleration_NoMovement" classname="Wargon.Nukecs.Tests.SystemChainTests" runstate="Runnable" seed="139373474" result="Passed" start-time="2026-04-25 12:27:08Z" end-time="2026-04-25 12:27:08Z" duration="0.001064" asserts="0">
                <properties>
                  <property name="retryIteration" value="0" />
                  <property name="repeatIteration" value="0" />
                </properties>
                <output><![CDATA[Created World 0
ECB DISPOSED
Saving results to: C:/Users/user/AppData/LocalLow/Wargon/PorjectTests\TestResults.xml
]]></output>
              </test-case>
            </test-suite>
          </test-suite>
        </test-suite>
      </test-suite>
    </test-suite>
  </test-suite>
</test-run>