<?xml version="1.0" encoding="utf-8"?>
<test-run id="2" testcasecount="233" result="Failed(Child)" total="233" passed="227" failed="6" inconclusive="0" skipped="0" asserts="0" engine-version="3.5.0.0" clr-version="4.0.30319.42000" start-time="2026-06-02 01:50:39Z" end-time="2026-06-02 01:51:27Z" duration="48,232883">
  <test-suite type="TestSuite" id="1296" name="PorjectTests" fullname="PorjectTests" runstate="Runnable" testcasecount="259" result="Failed" site="Child" start-time="2026-06-02 01:50:39Z" end-time="2026-06-02 01:51:27Z" duration="48.232883" total="233" passed="227" failed="6" inconclusive="0" skipped="0" asserts="0">
    <properties>
      <property name="platform" value="EditMode" />
    </properties>
    <failure>
      <message><![CDATA[One or more child tests had errors]]></message>
    </failure>
    <test-suite type="Assembly" id="1278" name="Nukecs.Tests.dll" fullname="D:/Unity/NukecsSandbox/NukecsSandbox/Library/ScriptAssemblies/Nukecs.Tests.dll" runstate="Runnable" testcasecount="233" result="Failed" site="Child" start-time="2026-06-02 01:50:39Z" end-time="2026-06-02 01:51:27Z" duration="48.230001" total="233" passed="227" failed="6" inconclusive="0" skipped="0" asserts="0">
      <properties>
        <property name="_PID" value="19840" />
        <property name="_APPDOMAIN" value="Unity Child Domain" />
        <property name="platform" value="EditMode" />
        <property name="EditorOnly" value="True" />
      </properties>
      <failure>
        <message><![CDATA[One or more child tests had errors]]></message>
      </failure>
      <test-suite type="TestSuite" id="1279" name="Wargon" fullname="Wargon" runstate="Runnable" testcasecount="233" result="Failed" site="Child" start-time="2026-06-02 01:50:39Z" end-time="2026-06-02 01:51:27Z" duration="48.229523" total="233" passed="227" failed="6" inconclusive="0" skipped="0" asserts="0">
        <properties />
        <failure>
          <message><![CDATA[One or more child tests had errors]]></message>
        </failure>
        <test-suite type="TestSuite" id="1280" name="Nukecs" fullname="Wargon.Nukecs" runstate="Runnable" testcasecount="233" result="Failed" site="Child" start-time="2026-06-02 01:50:39Z" end-time="2026-06-02 01:51:27Z" duration="48.229284" total="233" passed="227" failed="6" inconclusive="0" skipped="0" asserts="0">
          <properties />
          <failure>
            <message><![CDATA[One or more child tests had errors]]></message>
          </failure>
          <test-suite type="TestSuite" id="1281" name="Tests" fullname="Wargon.Nukecs.Tests" runstate="Runnable" testcasecount="233" result="Failed" site="Child" start-time="2026-06-02 01:50:39Z" end-time="2026-06-02 01:51:27Z" duration="48.228966" total="233" passed="227" failed="6" inconclusive="0" skipped="0" asserts="0">
            <properties />
            <failure>
              <message><![CDATA[One or more child tests had errors]]></message>
            </failure>
            <test-suite type="TestFixture" id="1033" name="AddObjectTests" fullname="Wargon.Nukecs.Tests.AddObjectTests" classname="Wargon.Nukecs.Tests.AddObjectTests" runstate="Runnable" testcasecount="12" result="Passed" start-time="2026-06-02 01:50:39Z" end-time="2026-06-02 01:50:39Z" duration="0.062472" total="12" passed="12" failed="0" inconclusive="0" skipped="0" asserts="0">
              <properties />
              <test-case id="1034" name="AddObject_BoxedOnlyTypes_NeverReferencedElsewhere" fullname="Wargon.Nukecs.Tests.AddObjectTests.AddObject_BoxedOnlyTypes_NeverReferencedElsewhere" methodname="AddObject_BoxedOnlyTypes_NeverReferencedElsewhere" classname="Wargon.Nukecs.Tests.AddObjectTests" runstate="Runnable" seed="1466520602" result="Passed" start-time="2026-06-02 01:50:39Z" end-time="2026-06-02 01:50:39Z" duration="0.007842" asserts="0">
                <properties>
                  <property name="retryIteration" value="0" />
                  <property name="repeatIteration" value="0" />
                </properties>
                <output><![CDATA[[☢️NUKECS] Created World 0
]]></output>
              </test-case>
              <test-case id="1043" name="AddObject_ComponentTypeMap_IndexConsistentWithTypeGeneric" fullname="Wargon.Nukecs.Tests.AddObjectTests.AddObject_ComponentTypeMap_IndexConsistentWithTypeGeneric" methodname="AddObject_ComponentTypeMap_IndexConsistentWithTypeGeneric" classname="Wargon.Nukecs.Tests.AddObjectTests" runstate="Runnable" seed="1217926232" result="Passed" start-time="2026-06-02 01:50:39Z" end-time="2026-06-02 01:50:39Z" duration="0.004524" asserts="0">
                <properties>
                  <property name="retryIteration" value="0" />
                  <property name="repeatIteration" value="0" />
                </properties>
                <output><![CDATA[[☢️NUKECS] Created World 0
]]></output>
              </test-case>
              <test-case id="1036" name="AddObject_ComponentValue_StoredCorrectly" fullname="Wargon.Nukecs.Tests.AddObjectTests.AddObject_ComponentValue_StoredCorrectly" methodname="AddObject_ComponentValue_StoredCorrectly" classname="Wargon.Nukecs.Tests.AddObjectTests" runstate="Runnable" seed="872647361" result="Passed" start-time="2026-06-02 01:50:39Z" end-time="2026-06-02 01:50:39Z" duration="0.004551" asserts="0">
                <properties>
                  <property name="retryIteration" value="0" />
                  <property name="repeatIteration" value="0" />
                </properties>
                <output><![CDATA[[☢️NUKECS] Created World 0
]]></output>
              </test-case>
              <test-case id="1038" name="AddObject_DuplicateComponent_IsIgnored" fullname="Wargon.Nukecs.Tests.AddObjectTests.AddObject_DuplicateComponent_IsIgnored" methodname="AddObject_DuplicateComponent_IsIgnored" classname="Wargon.Nukecs.Tests.AddObjectTests" runstate="Runnable" seed="1367577924" result="Passed" start-time="2026-06-02 01:50:39Z" end-time="2026-06-02 01:50:39Z" duration="0.004143" asserts="0">
                <properties>
                  <property name="retryIteration" value="0" />
                  <property name="repeatIteration" value="0" />
                </properties>
                <output><![CDATA[[☢️NUKECS] Created World 0
]]></output>
              </test-case>
              <test-case id="1045" name="AddObject_GetObject_RoundTrip" fullname="Wargon.Nukecs.Tests.AddObjectTests.AddObject_GetObject_RoundTrip" methodname="AddObject_GetObject_RoundTrip" classname="Wargon.Nukecs.Tests.AddObjectTests" runstate="Runnable" seed="755202214" result="Passed" start-time="2026-06-02 01:50:39Z" end-time="2026-06-02 01:50:39Z" duration="0.004269" asserts="0">
                <properties>
                  <property name="retryIteration" value="0" />
                  <property name="repeatIteration" value="0" />
                </properties>
                <output><![CDATA[[☢️NUKECS] Created World 0
]]></output>
              </test-case>
              <test-case id="1041" name="AddObject_MixedWithGenericAdd_BothVisible" fullname="Wargon.Nukecs.Tests.AddObjectTests.AddObject_MixedWithGenericAdd_BothVisible" methodname="AddObject_MixedWithGenericAdd_BothVisible" classname="Wargon.Nukecs.Tests.AddObjectTests" runstate="Runnable" seed="1302458491" result="Passed" start-time="2026-06-02 01:50:39Z" end-time="2026-06-02 01:50:39Z" duration="0.004491" asserts="0">
                <properties>
                  <property name="retryIteration" value="0" />
                  <property name="repeatIteration" value="0" />
                </properties>
                <output><![CDATA[[☢️NUKECS] Created World 0
]]></output>
              </test-case>
              <test-case id="1037" name="AddObject_MultipleComponents_AllBecomeVisible" fullname="Wargon.Nukecs.Tests.AddObjectTests.AddObject_MultipleComponents_AllBecomeVisible" methodname="AddObject_MultipleComponents_AllBecomeVisible" classname="Wargon.Nukecs.Tests.AddObjectTests" runstate="Runnable" seed="579918244" result="Passed" start-time="2026-06-02 01:50:39Z" end-time="2026-06-02 01:50:39Z" duration="0.004691" asserts="0">
                <properties>
                  <property name="retryIteration" value="0" />
                  <property name="repeatIteration" value="0" />
                </properties>
                <output><![CDATA[[☢️NUKECS] Created World 0
]]></output>
              </test-case>
              <test-case id="1039" name="AddObject_OnMultipleEntities_EachEntityIndependent" fullname="Wargon.Nukecs.Tests.AddObjectTests.AddObject_OnMultipleEntities_EachEntityIndependent" methodname="AddObject_OnMultipleEntities_EachEntityIndependent" classname="Wargon.Nukecs.Tests.AddObjectTests" runstate="Runnable" seed="963347822" result="Passed" start-time="2026-06-02 01:50:39Z" end-time="2026-06-02 01:50:39Z" duration="0.005046" asserts="0">
                <properties>
                  <property name="retryIteration" value="0" />
                  <property name="repeatIteration" value="0" />
                </properties>
                <output><![CDATA[[☢️NUKECS] Created World 0
]]></output>
              </test-case>
              <test-case id="1035" name="AddObject_SingleComponent_IsDeferredUntilUpdate" fullname="Wargon.Nukecs.Tests.AddObjectTests.AddObject_SingleComponent_IsDeferredUntilUpdate" methodname="AddObject_SingleComponent_IsDeferredUntilUpdate" classname="Wargon.Nukecs.Tests.AddObjectTests" runstate="Runnable" seed="867389323" result="Passed" start-time="2026-06-02 01:50:39Z" end-time="2026-06-02 01:50:39Z" duration="0.004702" asserts="0">
                <properties>
                  <property name="retryIteration" value="0" />
                  <property name="repeatIteration" value="0" />
                </properties>
                <output><![CDATA[[☢️NUKECS] Created World 0
]]></output>
              </test-case>
              <test-case id="1042" name="AddObject_TagSizeComponent_RegisteredAndVisible" fullname="Wargon.Nukecs.Tests.AddObjectTests.AddObject_TagSizeComponent_RegisteredAndVisible" methodname="AddObject_TagSizeComponent_RegisteredAndVisible" classname="Wargon.Nukecs.Tests.AddObjectTests" runstate="Runnable" seed="619930230" result="Passed" start-time="2026-06-02 01:50:39Z" end-time="2026-06-02 01:50:39Z" duration="0.005332" asserts="0">
                <properties>
                  <property name="retryIteration" value="0" />
                  <property name="repeatIteration" value="0" />
                </properties>
                <output><![CDATA[[☢️NUKECS] Created World 0
]]></output>
              </test-case>
              <test-case id="1044" name="AddObject_ThenRemove_ComponentRemoved" fullname="Wargon.Nukecs.Tests.AddObjectTests.AddObject_ThenRemove_ComponentRemoved" methodname="AddObject_ThenRemove_ComponentRemoved" classname="Wargon.Nukecs.Tests.AddObjectTests" runstate="Runnable" seed="1183138396" result="Passed" start-time="2026-06-02 01:50:39Z" end-time="2026-06-02 01:50:39Z" duration="0.005083" asserts="0">
                <properties>
                  <property name="retryIteration" value="0" />
                  <property name="repeatIteration" value="0" />
                </properties>
                <output><![CDATA[[☢️NUKECS] Created World 0
]]></output>
              </test-case>
              <test-case id="1040" name="AddObject_ThenSetObject_UpdatesValue" fullname="Wargon.Nukecs.Tests.AddObjectTests.AddObject_ThenSetObject_UpdatesValue" methodname="AddObject_ThenSetObject_UpdatesValue" classname="Wargon.Nukecs.Tests.AddObjectTests" runstate="Runnable" seed="263941213" result="Passed" start-time="2026-06-02 01:50:39Z" end-time="2026-06-02 01:50:39Z" duration="0.005084" asserts="0">
                <properties>
                  <property name="retryIteration" value="0" />
                  <property name="repeatIteration" value="0" />
                </properties>
                <output><![CDATA[[☢️NUKECS] Created World 0
]]></output>
              </test-case>
            </test-suite>
            <test-suite type="TestFixture" id="1046" name="AdvancedTests" fullname="Wargon.Nukecs.Tests.AdvancedTests" classname="Wargon.Nukecs.Tests.AdvancedTests" runstate="Runnable" testcasecount="17" result="Passed" start-time="2026-06-02 01:50:39Z" end-time="2026-06-02 01:50:39Z" duration="0.181817" total="17" passed="17" failed="0" inconclusive="0" skipped="0" asserts="0">
              <properties />
              <test-case id="1047" name="AddRemoveSystem" fullname="Wargon.Nukecs.Tests.AdvancedTests.AddRemoveSystem" methodname="AddRemoveSystem" classname="Wargon.Nukecs.Tests.AdvancedTests" runstate="Runnable" seed="739968457" result="Passed" start-time="2026-06-02 01:50:39Z" end-time="2026-06-02 01:50:39Z" duration="0.011296" asserts="0">
                <properties>
                  <property name="retryIteration" value="0" />
                  <property name="repeatIteration" value="0" />
                </properties>
                <output><![CDATA[[☢️NUKECS] Created World 0
]]></output>
              </test-case>
              <test-case id="1049" name="CodeGeneratedSystem" fullname="Wargon.Nukecs.Tests.AdvancedTests.CodeGeneratedSystem" methodname="CodeGeneratedSystem" classname="Wargon.Nukecs.Tests.AdvancedTests" runstate="Runnable" seed="410603929" result="Passed" start-time="2026-06-02 01:50:39Z" end-time="2026-06-02 01:50:39Z" duration="0.004434" asserts="0">
                <properties>
                  <property name="retryIteration" value="0" />
                  <property name="repeatIteration" value="0" />
                </properties>
                <output><![CDATA[[☢️NUKECS] Created World 0
]]></output>
              </test-case>
              <test-case id="1051" name="CodeGeneratedSystemMain" fullname="Wargon.Nukecs.Tests.AdvancedTests.CodeGeneratedSystemMain" methodname="CodeGeneratedSystemMain" classname="Wargon.Nukecs.Tests.AdvancedTests" runstate="Runnable" seed="251456820" result="Passed" start-time="2026-06-02 01:50:39Z" end-time="2026-06-02 01:50:39Z" duration="0.007492" asserts="0">
                <properties>
                  <property name="retryIteration" value="0" />
                  <property name="repeatIteration" value="0" />
                </properties>
                <output><![CDATA[[☢️NUKECS] Created World 0
]]></output>
              </test-case>
              <test-case id="1052" name="CodeGeneratedSystemParallel" fullname="Wargon.Nukecs.Tests.AdvancedTests.CodeGeneratedSystemParallel" methodname="CodeGeneratedSystemParallel" classname="Wargon.Nukecs.Tests.AdvancedTests" runstate="Runnable" seed="1101343443" result="Passed" start-time="2026-06-02 01:50:39Z" end-time="2026-06-02 01:50:39Z" duration="0.015048" asserts="0">
                <properties>
                  <property name="retryIteration" value="0" />
                  <property name="repeatIteration" value="0" />
                </properties>
                <output><![CDATA[[☢️NUKECS] Created World 0
]]></output>
              </test-case>
              <test-case id="1050" name="CodeGeneratedSystemSingle" fullname="Wargon.Nukecs.Tests.AdvancedTests.CodeGeneratedSystemSingle" methodname="CodeGeneratedSystemSingle" classname="Wargon.Nukecs.Tests.AdvancedTests" runstate="Runnable" seed="1814831631" result="Passed" start-time="2026-06-02 01:50:39Z" end-time="2026-06-02 01:50:39Z" duration="0.013073" asserts="0">
                <properties>
                  <property name="retryIteration" value="0" />
                  <property name="repeatIteration" value="0" />
                </properties>
                <output><![CDATA[[☢️NUKECS] Created World 0
]]></output>
              </test-case>
              <test-case id="1053" name="ComponentArray_AddMultipleElements" fullname="Wargon.Nukecs.Tests.AdvancedTests.ComponentArray_AddMultipleElements" methodname="ComponentArray_AddMultipleElements" classname="Wargon.Nukecs.Tests.AdvancedTests" runstate="Runnable" seed="400788400" result="Passed" start-time="2026-06-02 01:50:39Z" end-time="2026-06-02 01:50:39Z" duration="0.005883" asserts="0">
                <properties>
                  <property name="retryIteration" value="0" />
                  <property name="repeatIteration" value="0" />
                </properties>
                <output><![CDATA[[☢️NUKECS] Created World 0
]]></output>
              </test-case>
              <test-case id="1056" name="ComponentArray_Clear" fullname="Wargon.Nukecs.Tests.AdvancedTests.ComponentArray_Clear" methodname="ComponentArray_Clear" classname="Wargon.Nukecs.Tests.AdvancedTests" runstate="Runnable" seed="85780487" result="Passed" start-time="2026-06-02 01:50:39Z" end-time="2026-06-02 01:50:39Z" duration="0.006887" asserts="0">
                <properties>
                  <property name="retryIteration" value="0" />
                  <property name="repeatIteration" value="0" />
                </properties>
                <output><![CDATA[[☢️NUKECS] Created World 0
]]></output>
              </test-case>
              <test-case id="1057" name="ComponentArray_Enumerator" fullname="Wargon.Nukecs.Tests.AdvancedTests.ComponentArray_Enumerator" methodname="ComponentArray_Enumerator" classname="Wargon.Nukecs.Tests.AdvancedTests" runstate="Runnable" seed="1399084071" result="Passed" start-time="2026-06-02 01:50:39Z" end-time="2026-06-02 01:50:39Z" duration="0.011567" asserts="0">
                <properties>
                  <property name="retryIteration" value="0" />
                  <property name="repeatIteration" value="0" />
                </properties>
                <output><![CDATA[[☢️NUKECS] Created World 0
]]></output>
              </test-case>
              <test-case id="1059" name="ComponentArray_IndexOutOfRange_ThrowsException" fullname="Wargon.Nukecs.Tests.AdvancedTests.ComponentArray_IndexOutOfRange_ThrowsException" methodname="ComponentArray_IndexOutOfRange_ThrowsException" classname="Wargon.Nukecs.Tests.AdvancedTests" runstate="Runnable" seed="1055860552" result="Passed" start-time="2026-06-02 01:50:39Z" end-time="2026-06-02 01:50:39Z" duration="0.010465" asserts="0">
                <properties>
                  <property name="retryIteration" value="0" />
                  <property name="repeatIteration" value="0" />
                </properties>
                <output><![CDATA[[☢️NUKECS] Created World 0
]]></output>
              </test-case>
              <test-case id="1058" name="ComponentArray_ReadAt" fullname="Wargon.Nukecs.Tests.AdvancedTests.ComponentArray_ReadAt" methodname="ComponentArray_ReadAt" classname="Wargon.Nukecs.Tests.AdvancedTests" runstate="Runnable" seed="258708014" result="Passed" start-time="2026-06-02 01:50:39Z" end-time="2026-06-02 01:50:39Z" duration="0.009401" asserts="0">
                <properties>
                  <property name="retryIteration" value="0" />
                  <property name="repeatIteration" value="0" />
                </properties>
                <output><![CDATA[[☢️NUKECS] Created World 0
]]></output>
              </test-case>
              <test-case id="1054" name="ComponentArray_RemoveAt" fullname="Wargon.Nukecs.Tests.AdvancedTests.ComponentArray_RemoveAt" methodname="ComponentArray_RemoveAt" classname="Wargon.Nukecs.Tests.AdvancedTests" runstate="Runnable" seed="472884917" result="Passed" start-time="2026-06-02 01:50:39Z" end-time="2026-06-02 01:50:39Z" duration="0.011515" asserts="0">
                <properties>
                  <property name="retryIteration" value="0" />
                  <property name="repeatIteration" value="0" />
                </properties>
                <output><![CDATA[[☢️NUKECS] Created World 0
]]></output>
              </test-case>
              <test-case id="1055" name="ComponentArray_RemoveRange" fullname="Wargon.Nukecs.Tests.AdvancedTests.ComponentArray_RemoveRange" methodname="ComponentArray_RemoveRange" classname="Wargon.Nukecs.Tests.AdvancedTests" runstate="Runnable" seed="1097324404" result="Passed" start-time="2026-06-02 01:50:39Z" end-time="2026-06-02 01:50:39Z" duration="0.033036" asserts="0">
                <properties>
                  <property name="retryIteration" value="0" />
                  <property name="repeatIteration" value="0" />
                </properties>
                <output><![CDATA[[☢️NUKECS] Created World 0
]]></output>
              </test-case>
              <test-case id="1061" name="OneEntityIterateSystem_1" fullname="Wargon.Nukecs.Tests.AdvancedTests.OneEntityIterateSystem_1" methodname="OneEntityIterateSystem_1" classname="Wargon.Nukecs.Tests.AdvancedTests" runstate="Runnable" seed="273365451" result="Passed" start-time="2026-06-02 01:50:39Z" end-time="2026-06-02 01:50:39Z" duration="0.004243" asserts="0">
                <properties>
                  <property name="retryIteration" value="0" />
                  <property name="repeatIteration" value="0" />
                </properties>
                <output><![CDATA[[☢️NUKECS] Created World 0
]]></output>
              </test-case>
              <test-case id="1062" name="OneEntityIterateSystem_2" fullname="Wargon.Nukecs.Tests.AdvancedTests.OneEntityIterateSystem_2" methodname="OneEntityIterateSystem_2" classname="Wargon.Nukecs.Tests.AdvancedTests" runstate="Runnable" seed="226917145" result="Passed" start-time="2026-06-02 01:50:39Z" end-time="2026-06-02 01:50:39Z" duration="0.004417" asserts="0">
                <properties>
                  <property name="retryIteration" value="0" />
                  <property name="repeatIteration" value="0" />
                </properties>
                <output><![CDATA[[☢️NUKECS] Created World 0
]]></output>
              </test-case>
              <test-case id="1060" name="QueryT1TOption_WritesThroughArchetypeRef" fullname="Wargon.Nukecs.Tests.AdvancedTests.QueryT1TOption_WritesThroughArchetypeRef" methodname="QueryT1TOption_WritesThroughArchetypeRef" classname="Wargon.Nukecs.Tests.AdvancedTests" runstate="Runnable" seed="396696901" result="Passed" start-time="2026-06-02 01:50:39Z" end-time="2026-06-02 01:50:39Z" duration="0.007788" asserts="0">
                <properties>
                  <property name="retryIteration" value="0" />
                  <property name="repeatIteration" value="0" />
                </properties>
                <output><![CDATA[[☢️NUKECS] Created World 0
]]></output>
              </test-case>
              <test-case id="1048" name="SystemExample_ISystemImplementation" fullname="Wargon.Nukecs.Tests.AdvancedTests.SystemExample_ISystemImplementation" methodname="SystemExample_ISystemImplementation" classname="Wargon.Nukecs.Tests.AdvancedTests" runstate="Runnable" seed="1467097220" result="Passed" start-time="2026-06-02 01:50:39Z" end-time="2026-06-02 01:50:39Z" duration="0.005085" asserts="0">
                <properties>
                  <property name="retryIteration" value="0" />
                  <property name="repeatIteration" value="0" />
                </properties>
                <output><![CDATA[[☢️NUKECS] Created World 0
]]></output>
              </test-case>
              <test-case id="1063" name="TwoEntityIterateSystem_Query4_ForEach4" fullname="Wargon.Nukecs.Tests.AdvancedTests.TwoEntityIterateSystem_Query4_ForEach4" methodname="TwoEntityIterateSystem_Query4_ForEach4" classname="Wargon.Nukecs.Tests.AdvancedTests" runstate="Runnable" seed="1837504009" result="Passed" start-time="2026-06-02 01:50:39Z" end-time="2026-06-02 01:50:39Z" duration="0.010196" asserts="0">
                <properties>
                  <property name="retryIteration" value="0" />
                  <property name="repeatIteration" value="0" />
                </properties>
                <output><![CDATA[[☢️NUKECS] Created World 0
]]></output>
              </test-case>
            </test-suite>
            <test-suite type="TestFixture" id="1064" name="AllocatorTests" fullname="Wargon.Nukecs.Tests.AllocatorTests" classname="Wargon.Nukecs.Tests.AllocatorTests" runstate="Runnable" testcasecount="23" result="Passed" start-time="2026-06-02 01:50:39Z" end-time="2026-06-02 01:50:39Z" duration="0.018596" total="23" passed="23" failed="0" inconclusive="0" skipped="0" asserts="0">
              <properties />
              <test-case id="1065" name="Allocate_Basic_ReturnsValidPointer" fullname="Wargon.Nukecs.Tests.AllocatorTests.Allocate_Basic_ReturnsValidPointer" methodname="Allocate_Basic_ReturnsValidPointer" classname="Wargon.Nukecs.Tests.AllocatorTests" runstate="Runnable" seed="1187727172" result="Passed" start-time="2026-06-02 01:50:39Z" end-time="2026-06-02 01:50:39Z" duration="0.000468" asserts="0">
                <properties>
                  <property name="retryIteration" value="0" />
                  <property name="repeatIteration" value="0" />
                </properties>
              </test-case>
              <test-case id="1073" name="Allocate_ManySmallBlocks_AllSucceed" fullname="Wargon.Nukecs.Tests.AllocatorTests.Allocate_ManySmallBlocks_AllSucceed" methodname="Allocate_ManySmallBlocks_AllSucceed" classname="Wargon.Nukecs.Tests.AllocatorTests" runstate="Runnable" seed="1854988031" result="Passed" start-time="2026-06-02 01:50:39Z" end-time="2026-06-02 01:50:39Z" duration="0.001271" asserts="0">
                <properties>
                  <property name="retryIteration" value="0" />
                  <property name="repeatIteration" value="0" />
                </properties>
              </test-case>
              <test-case id="1067" name="AllocatePtr_Generic_Works" fullname="Wargon.Nukecs.Tests.AllocatorTests.AllocatePtr_Generic_Works" methodname="AllocatePtr_Generic_Works" classname="Wargon.Nukecs.Tests.AllocatorTests" runstate="Runnable" seed="1597381133" result="Passed" start-time="2026-06-02 01:50:39Z" end-time="2026-06-02 01:50:39Z" duration="0.000415" asserts="0">
                <properties>
                  <property name="retryIteration" value="0" />
                  <property name="repeatIteration" value="0" />
                </properties>
              </test-case>
              <test-case id="1066" name="AllocateRaw_Basic_ReturnsValidOffset" fullname="Wargon.Nukecs.Tests.AllocatorTests.AllocateRaw_Basic_ReturnsValidOffset" methodname="AllocateRaw_Basic_ReturnsValidOffset" classname="Wargon.Nukecs.Tests.AllocatorTests" runstate="Runnable" seed="453363759" result="Passed" start-time="2026-06-02 01:50:39Z" end-time="2026-06-02 01:50:39Z" duration="0.000529" asserts="0">
                <properties>
                  <property name="retryIteration" value="0" />
                  <property name="repeatIteration" value="0" />
                </properties>
              </test-case>
              <test-case id="1077" name="Coalescing_Backward_MergesWithPrevFree" fullname="Wargon.Nukecs.Tests.AllocatorTests.Coalescing_Backward_MergesWithPrevFree" methodname="Coalescing_Backward_MergesWithPrevFree" classname="Wargon.Nukecs.Tests.AllocatorTests" runstate="Runnable" seed="414941326" result="Passed" start-time="2026-06-02 01:50:39Z" end-time="2026-06-02 01:50:39Z" duration="0.000284" asserts="0">
                <properties>
                  <property name="retryIteration" value="0" />
                  <property name="repeatIteration" value="0" />
                </properties>
              </test-case>
              <test-case id="1078" name="Coalescing_BothDirections_MergesAll" fullname="Wargon.Nukecs.Tests.AllocatorTests.Coalescing_BothDirections_MergesAll" methodname="Coalescing_BothDirections_MergesAll" classname="Wargon.Nukecs.Tests.AllocatorTests" runstate="Runnable" seed="1491344038" result="Passed" start-time="2026-06-02 01:50:39Z" end-time="2026-06-02 01:50:39Z" duration="0.000281" asserts="0">
                <properties>
                  <property name="retryIteration" value="0" />
                  <property name="repeatIteration" value="0" />
                </properties>
              </test-case>
              <test-case id="1076" name="Coalescing_Forward_MergesWithNextFree" fullname="Wargon.Nukecs.Tests.AllocatorTests.Coalescing_Forward_MergesWithNextFree" methodname="Coalescing_Forward_MergesWithNextFree" classname="Wargon.Nukecs.Tests.AllocatorTests" runstate="Runnable" seed="1114259479" result="Passed" start-time="2026-06-02 01:50:39Z" end-time="2026-06-02 01:50:39Z" duration="0.000269" asserts="0">
                <properties>
                  <property name="retryIteration" value="0" />
                  <property name="repeatIteration" value="0" />
                </properties>
              </test-case>
              <test-case id="1075" name="Free_AllMemory_RegionCursorResets" fullname="Wargon.Nukecs.Tests.AllocatorTests.Free_AllMemory_RegionCursorResets" methodname="Free_AllMemory_RegionCursorResets" classname="Wargon.Nukecs.Tests.AllocatorTests" runstate="Runnable" seed="962552261" result="Passed" start-time="2026-06-02 01:50:39Z" end-time="2026-06-02 01:50:39Z" duration="0.000240" asserts="0">
                <properties>
                  <property name="retryIteration" value="0" />
                  <property name="repeatIteration" value="0" />
                </properties>
              </test-case>
              <test-case id="1070" name="Free_BytePtr_RecoversMemory" fullname="Wargon.Nukecs.Tests.AllocatorTests.Free_BytePtr_RecoversMemory" methodname="Free_BytePtr_RecoversMemory" classname="Wargon.Nukecs.Tests.AllocatorTests" runstate="Runnable" seed="471266630" result="Passed" start-time="2026-06-02 01:50:39Z" end-time="2026-06-02 01:50:39Z" duration="0.000180" asserts="0">
                <properties>
                  <property name="retryIteration" value="0" />
                  <property name="repeatIteration" value="0" />
                </properties>
              </test-case>
              <test-case id="1074" name="Free_DoubleFree_DoesNotCorrupt" fullname="Wargon.Nukecs.Tests.AllocatorTests.Free_DoubleFree_DoesNotCorrupt" methodname="Free_DoubleFree_DoesNotCorrupt" classname="Wargon.Nukecs.Tests.AllocatorTests" runstate="Runnable" seed="1112594003" result="Passed" start-time="2026-06-02 01:50:39Z" end-time="2026-06-02 01:50:39Z" duration="0.000845" asserts="0">
                <properties>
                  <property name="retryIteration" value="0" />
                  <property name="repeatIteration" value="0" />
                </properties>
              </test-case>
              <test-case id="1071" name="Free_NullPtr_DoesNotCrash" fullname="Wargon.Nukecs.Tests.AllocatorTests.Free_NullPtr_DoesNotCrash" methodname="Free_NullPtr_DoesNotCrash" classname="Wargon.Nukecs.Tests.AllocatorTests" runstate="Runnable" seed="565742613" result="Passed" start-time="2026-06-02 01:50:39Z" end-time="2026-06-02 01:50:39Z" duration="0.000300" asserts="0">
                <properties>
                  <property name="retryIteration" value="0" />
                  <property name="repeatIteration" value="0" />
                </properties>
              </test-case>
              <test-case id="1068" name="Free_PtrOffset_RecoversMemory" fullname="Wargon.Nukecs.Tests.AllocatorTests.Free_PtrOffset_RecoversMemory" methodname="Free_PtrOffset_RecoversMemory" classname="Wargon.Nukecs.Tests.AllocatorTests" runstate="Runnable" seed="593967670" result="Passed" start-time="2026-06-02 01:50:39Z" end-time="2026-06-02 01:50:39Z" duration="0.000130" asserts="0">
                <properties>
                  <property name="retryIteration" value="0" />
                  <property name="repeatIteration" value="0" />
                </properties>
              </test-case>
              <test-case id="1072" name="Free_TypedPtr_Works" fullname="Wargon.Nukecs.Tests.AllocatorTests.Free_TypedPtr_Works" methodname="Free_TypedPtr_Works" classname="Wargon.Nukecs.Tests.AllocatorTests" runstate="Runnable" seed="1953728263" result="Passed" start-time="2026-06-02 01:50:39Z" end-time="2026-06-02 01:50:39Z" duration="0.000368" asserts="0">
                <properties>
                  <property name="retryIteration" value="0" />
                  <property name="repeatIteration" value="0" />
                </properties>
              </test-case>
              <test-case id="1069" name="Free_VoidPtr_RecoversMemory" fullname="Wargon.Nukecs.Tests.AllocatorTests.Free_VoidPtr_RecoversMemory" methodname="Free_VoidPtr_RecoversMemory" classname="Wargon.Nukecs.Tests.AllocatorTests" runstate="Runnable" seed="1226506838" result="Passed" start-time="2026-06-02 01:50:39Z" end-time="2026-06-02 01:50:39Z" duration="0.000117" asserts="0">
                <properties>
                  <property name="retryIteration" value="0" />
                  <property name="repeatIteration" value="0" />
                </properties>
              </test-case>
              <test-case id="1082" name="MultipleRegions_AddsWhenFull" fullname="Wargon.Nukecs.Tests.AllocatorTests.MultipleRegions_AddsWhenFull" methodname="MultipleRegions_AddsWhenFull" classname="Wargon.Nukecs.Tests.AllocatorTests" runstate="Runnable" seed="383292214" result="Passed" start-time="2026-06-02 01:50:39Z" end-time="2026-06-02 01:50:39Z" duration="0.000218" asserts="0">
                <properties>
                  <property name="retryIteration" value="0" />
                  <property name="repeatIteration" value="0" />
                </properties>
              </test-case>
              <test-case id="1079" name="Reuse_FreedBlock_IsReused" fullname="Wargon.Nukecs.Tests.AllocatorTests.Reuse_FreedBlock_IsReused" methodname="Reuse_FreedBlock_IsReused" classname="Wargon.Nukecs.Tests.AllocatorTests" runstate="Runnable" seed="764087625" result="Passed" start-time="2026-06-02 01:50:39Z" end-time="2026-06-02 01:50:39Z" duration="0.000229" asserts="0">
                <properties>
                  <property name="retryIteration" value="0" />
                  <property name="repeatIteration" value="0" />
                </properties>
              </test-case>
              <test-case id="1081" name="Rewind_RestoresState" fullname="Wargon.Nukecs.Tests.AllocatorTests.Rewind_RestoresState" methodname="Rewind_RestoresState" classname="Wargon.Nukecs.Tests.AllocatorTests" runstate="Runnable" seed="686573097" result="Passed" start-time="2026-06-02 01:50:39Z" end-time="2026-06-02 01:50:39Z" duration="0.000364" asserts="0">
                <properties>
                  <property name="retryIteration" value="0" />
                  <property name="repeatIteration" value="0" />
                </properties>
              </test-case>
              <test-case id="1080" name="Splitting_LargeBlock_ReturnsRemainderToFreeList" fullname="Wargon.Nukecs.Tests.AllocatorTests.Splitting_LargeBlock_ReturnsRemainderToFreeList" methodname="Splitting_LargeBlock_ReturnsRemainderToFreeList" classname="Wargon.Nukecs.Tests.AllocatorTests" runstate="Runnable" seed="271843793" result="Passed" start-time="2026-06-02 01:50:39Z" end-time="2026-06-02 01:50:39Z" duration="0.000236" asserts="0">
                <properties>
                  <property name="retryIteration" value="0" />
                  <property name="repeatIteration" value="0" />
                </properties>
              </test-case>
              <test-case id="1083" name="Stress_AllocateFreeCycle" fullname="Wargon.Nukecs.Tests.AllocatorTests.Stress_AllocateFreeCycle" methodname="Stress_AllocateFreeCycle" classname="Wargon.Nukecs.Tests.AllocatorTests" runstate="Runnable" seed="1679245887" result="Passed" start-time="2026-06-02 01:50:39Z" end-time="2026-06-02 01:50:39Z" duration="0.000438" asserts="0">
                <properties>
                  <property name="retryIteration" value="0" />
                  <property name="repeatIteration" value="0" />
                </properties>
              </test-case>
              <test-case id="1084" name="Stress_LargeAllocations" fullname="Wargon.Nukecs.Tests.AllocatorTests.Stress_LargeAllocations" methodname="Stress_LargeAllocations" classname="Wargon.Nukecs.Tests.AllocatorTests" runstate="Runnable" seed="1279825339" result="Passed" start-time="2026-06-02 01:50:39Z" end-time="2026-06-02 01:50:39Z" duration="0.000206" asserts="0">
                <properties>
                  <property name="retryIteration" value="0" />
                  <property name="repeatIteration" value="0" />
                </properties>
              </test-case>
              <test-case id="1085" name="Stress_RandomSizes" fullname="Wargon.Nukecs.Tests.AllocatorTests.Stress_RandomSizes" methodname="Stress_RandomSizes" classname="Wargon.Nukecs.Tests.AllocatorTests" runstate="Runnable" seed="678109742" result="Passed" start-time="2026-06-02 01:50:39Z" end-time="2026-06-02 01:50:39Z" duration="0.001252" asserts="0">
                <properties>
                  <property name="retryIteration" value="0" />
                  <property name="repeatIteration" value="0" />
                </properties>
              </test-case>
              <test-case id="1087" name="Validate_CoalescingIntegrity" fullname="Wargon.Nukecs.Tests.AllocatorTests.Validate_CoalescingIntegrity" methodname="Validate_CoalescingIntegrity" classname="Wargon.Nukecs.Tests.AllocatorTests" runstate="Runnable" seed="139231858" result="Passed" start-time="2026-06-02 01:50:39Z" end-time="2026-06-02 01:50:39Z" duration="0.000724" asserts="0">
                <properties>
                  <property name="retryIteration" value="0" />
                  <property name="repeatIteration" value="0" />
                </properties>
              </test-case>
              <test-case id="1086" name="Validate_FreeListIntegrity" fullname="Wargon.Nukecs.Tests.AllocatorTests.Validate_FreeListIntegrity" methodname="Validate_FreeListIntegrity" classname="Wargon.Nukecs.Tests.AllocatorTests" runstate="Runnable" seed="941635636" result="Passed" start-time="2026-06-02 01:50:39Z" end-time="2026-06-02 01:50:39Z" duration="0.000433" asserts="0">
                <properties>
                  <property name="retryIteration" value="0" />
                  <property name="repeatIteration" value="0" />
                </properties>
              </test-case>
            </test-suite>
            <test-suite type="TestFixture" id="1088" name="EcsBenchmark" fullname="Wargon.Nukecs.Tests.EcsBenchmark" classname="Wargon.Nukecs.Tests.EcsBenchmark" runstate="Runnable" testcasecount="41" result="Passed" start-time="2026-06-02 01:50:39Z" end-time="2026-06-02 01:51:02Z" duration="22.663195" total="41" passed="41" failed="0" inconclusive="0" skipped="0" asserts="0">
              <properties />
              <test-case id="1113" name="DynamicBitMask256" fullname="Wargon.Nukecs.Tests.EcsBenchmark.DynamicBitMask256" methodname="DynamicBitMask256" classname="Wargon.Nukecs.Tests.EcsBenchmark" runstate="Runnable" seed="1246906803" result="Passed" start-time="2026-06-02 01:50:39Z" end-time="2026-06-02 01:50:39Z" duration="0.394857" asserts="0">
                <properties>
                  <property name="Category" value="Performance" />
                  <property name="retryIteration" value="0" />
                  <property name="repeatIteration" value="0" />
                </properties>
                <output><![CDATA[[☢️NUKECS] Created World 0
64
Time in Milliseconds
Min:		0,62 ms
Median:		0,62 ms
Max:		0,67 ms
Avg:		0,62 ms
StdDev:		0,01 ms
SampleCount:	100
Sum:		61,89 ms
First samples:	▁▂▁▁▁▁▁▂▁▂▁▁▁▁▁▁▁▁▁▁▁▂▁▁▁▇▁▁▁▁▁▁▁▁▁▁▁▂▂▁▁▂▁▁▁▁▁▁▁▁▂▁▁▁▂▁▁▁▁▁▁▁▁▂▂▁▁▁▁▁▁▁▁▁▁▁█▁▁▁▁▁▁▁▁▁▁▁▁▁▁▁▁▁▁▁▁▂▁▁
Histogram:	█▃▁▁▁▁▁▁▁▁


##performancetestresult2:{"Name":"Wargon.Nukecs.Tests.EcsBenchmark.DynamicBitMask256","ClassName":"Wargon.Nukecs.Tests.EcsBenchmark","MethodName":"DynamicBitMask256","Version":"1","Categories":["Performance"],"SampleGroups":[{"Name":"Time","Unit":2,"IncreaseIsBetter":false,"Samples":[0.6167999999999996,0.6207000000000003,0.6185999999999998,0.6165000000000003,0.6187000000000005,0.6195000000000004,0.6170000000000009,0.6218000000000004,0.6181000000000001,0.6208999999999989,0.6176999999999993,0.6175999999999995,0.6189,0.6169999999999991,0.6181999999999999,0.6185999999999989,0.6184000000000012,0.6193000000000009,0.6185999999999989,0.6193000000000026,0.6183000000000014,0.620000000000001,0.6193000000000026,0.6184000000000012,0.6188000000000002,0.6585000000000001,0.6179999999999986,0.6185000000000009,0.6173000000000002,0.6192999999999991,0.6191999999999993,0.6184000000000012,0.6171000000000007,0.6172000000000004,0.6175999999999995,0.6173000000000002,0.6174999999999997,0.6234999999999999,0.6218000000000004,0.6175000000000033,0.6173000000000002,0.6219999999999999,0.6195999999999984,0.6169000000000011,0.6174,0.6170000000000044,0.619499999999995,0.617600000000003,0.6165999999999983,0.6169999999999973,0.6221000000000032,0.6167000000000016,0.6195999999999984,0.6178999999999988,0.620199999999997,0.6182999999999979,0.6169999999999973,0.6164000000000058,0.6170000000000044,0.6165999999999983,0.6167999999999978,0.6167999999999978,0.6164999999999949,0.6199000000000012,0.6199000000000012,0.6188000000000002,0.6192000000000064,0.616500000000002,0.6171000000000007,0.6168000000000049,0.6162999999999954,0.6174000000000035,0.6167999999999978,0.616500000000002,0.6181999999999945,0.6188999999999965,0.6665999999999954,0.617600000000003,0.6163999999999987,0.6184999999999974,0.6170000000000044,0.6163000000000025,0.6169000000000011,0.616500000000002,0.6167999999999978,0.6167999999999978,0.6173000000000002,0.6184000000000012,0.6171999999999969,0.6163999999999987,0.6169000000000011,0.6164999999999949,0.6169000000000011,0.6169000000000011,0.6165999999999983,0.6173999999999964,0.6179000000000059,0.6201000000000079,0.618700000000004,0.616500000000002],"Min":0.6162999999999954,"Max":0.6665999999999954,"Median":0.6176000000000013,"Average":0.6189390000000001,"StandardDeviation":0.006430301625895618,"Sum":61.893900000000019}]}
##performancetestruninfo2:{"TestSuite":"Editmode","Date":1780365039271,"Player":{"Development":true,"ScreenWidth":1920,"ScreenHeight":1080,"ScreenRefreshRate":144,"Fullscreen":false,"Vsync":1,"AntiAliasing":0,"Batchmode":false,"RenderThreadingMode":"MultiThreaded","MtRendering":true,"GraphicsJobs":false,"GpuSkinning":true,"Platform":"WindowsEditor","ColorSpace":"Gamma","AnisotropicFiltering":"ForceEnable","BlendWeights":"FourBones","GraphicsApi":"Direct3D11","ScriptingBackend":"IL2CPP","AndroidTargetSdkVersion":"AndroidApiLevelAuto","AndroidBuildSystem":"Gradle","BuildTarget":"StandaloneWindows64","StereoRenderingPath":"MultiPass"},"Hardware":{"OperatingSystem":"Windows 10  (10.0.19045) 64bit","DeviceModel":"H470M DS3H (Gigabyte Technology Co., Ltd.)","DeviceName":"DESKTOP-S0GHM3G","ProcessorType":"Intel(R) Core(TM) i7-10700 CPU @ 2.90GHz","ProcessorCount":16,"GraphicsDeviceName":"NVIDIA GeForce RTX 3070","SystemMemorySizeMB":32689},"Editor":{"Version":"6000.0.63f1","Branch":"6000.0/respin/6000.0.63f1-b423dd65e13f","Changeset":"9438f9b77a46","Date":1764152497},"Dependencies":["com.codewriter.triinspector@1.14.1","com.dcfa_pixels.dragonecs@1.0.2","com.unity.2d.animation@10.2.2","com.unity.2d.aseprite@1.1.10","com.unity.2d.common@9.1.1","com.unity.2d.pixel-perfect@5.0.3","com.unity.2d.psdimporter@9.1.1","com.unity.2d.sprite@1.0.0","com.unity.2d.spriteshape@10.0.7","com.unity.2d.tilemap.extras@4.1.0","com.unity.2d.tilemap@1.0.0","com.unity.addressables@2.7.4","com.unity.ai.navigation@2.0.9","com.unity.burst@1.8.29","com.unity.collab-proxy@2.10.2","com.unity.collections@2.6.2","com.unity.editorcoroutines@1.0.0","com.unity.ext.nunit@2.0.5","com.unity.feature.2d@2.0.1","com.unity.feature.development@1.0.2","com.unity.ide.rider@3.0.38","com.unity.ide.visualstudio@2.0.25","com.unity.localization@1.5.8","com.unity.mathematics@1.3.2","com.unity.memoryprofiler@1.1.9","com.unity.modules.accessibility@1.0.0","com.unity.modules.ai@1.0.0","com.unity.modules.androidjni@1.0.0","com.unity.modules.animation@1.0.0","com.unity.modules.assetbundle@1.0.0","com.unity.modules.audio@1.0.0","com.unity.modules.cloth@1.0.0","com.unity.modules.director@1.0.0","com.unity.modules.hierarchycore@1.0.0","com.unity.modules.imageconversion@1.0.0","com.unity.modules.imgui@1.0.0","com.unity.modules.jsonserialize@1.0.0","com.unity.modules.particlesystem@1.0.0","com.unity.modules.physics@1.0.0","com.unity.modules.physics2d@1.0.0","com.unity.modules.screencapture@1.0.0","com.unity.modules.subsystems@1.0.0","com.unity.modules.terrain@1.0.0","com.unity.modules.terrainphysics@1.0.0","com.unity.modules.tilemap@1.0.0","com.unity.modules.ui@1.0.0","com.unity.modules.uielements@1.0.0","com.unity.modules.umbra@1.0.0","com.unity.modules.unityanalytics@1.0.0","com.unity.modules.unitywebrequest@1.0.0","com.unity.modules.unitywebrequestassetbundle@1.0.0","com.unity.modules.unitywebrequestaudio@1.0.0","com.unity.modules.unitywebrequesttexture@1.0.0","com.unity.modules.unitywebrequestwww@1.0.0","com.unity.modules.vehicles@1.0.0","com.unity.modules.video@1.0.0","com.unity.modules.vr@1.0.0","com.unity.modules.wind@1.0.0","com.unity.modules.xr@1.0.0","com.unity.multiplayer.center@1.0.0","com.unity.nuget.mono-cecil@1.11.5","com.unity.nuget.newtonsoft-json@3.2.1","com.unity.performance.profile-analyzer@1.2.3","com.unity.profiling.core@1.0.2","com.unity.rendering.light-transport@1.0.1","com.unity.render-pipelines.core@17.0.4","com.unity.render-pipelines.universal@17.0.4","com.unity.render-pipelines.universal-config@17.0.3","com.unity.scriptablebuildpipeline@2.4.3","com.unity.searcher@4.9.3","com.unity.settings-manager@2.1.0","com.unity.shadergraph@17.0.4","com.unity.test-framework.performance@3.4.1","com.unity.test-framework@1.6.0","com.unity.testtools.codecoverage@1.2.6","com.unity.timeline@1.8.9","com.unity.ugui@2.0.0","com.unity.visualscripting@1.9.7"],"Results":[]}
]]></output>
              </test-case>
              <test-case id="1128" name="DynamicBitMask4096" fullname="Wargon.Nukecs.Tests.EcsBenchmark.DynamicBitMask4096" methodname="DynamicBitMask4096" classname="Wargon.Nukecs.Tests.EcsBenchmark" runstate="Runnable" seed="1839715994" result="Passed" start-time="2026-06-02 01:50:39Z" end-time="2026-06-02 01:50:41Z" duration="1.361117" asserts="0">
                <properties>
                  <property name="Category" value="Performance" />
                  <property name="retryIteration" value="0" />
                  <property name="repeatIteration" value="0" />
                </properties>
                <output><![CDATA[[☢️NUKECS] Created World 0
544
Time in Milliseconds
Min:		9,83 ms
Median:		9,85 ms
Max:		10,18 ms
Avg:		9,86 ms
StdDev:		0,04 ms
SampleCount:	100
Sum:		985,55 ms
First samples:	▂▁▂▁▁▁▁▁▁▂▁▂▂▁▂▃▂▂▂▁▃▁▂▁▁▂▁▂▂▁▂▁▂▂▁▂▁▁▁▁▂▁▁▂▂▂▂▂▁▂▁▁▁▁▁▂▁▁▁▂▁▁▁▁▁▂▂▁▁▁▃▁▁▁█▁▂▂▁▁▂▁▁▁▁▁▁▁▁▂▂▁▂▂▁▁▁▂▁▁
Histogram:	█▅▁▁▁▁▁▁▁▁


##performancetestresult2:{"Name":"Wargon.Nukecs.Tests.EcsBenchmark.DynamicBitMask4096","ClassName":"Wargon.Nukecs.Tests.EcsBenchmark","MethodName":"DynamicBitMask4096","Version":"1","Categories":["Performance"],"SampleGroups":[{"Name":"Time","Unit":2,"IncreaseIsBetter":false,"Samples":[9.854599999999998,9.850499999999997,9.85390000000001,9.851299999999995,9.8326,9.837500000000006,9.844499999999997,9.827400000000012,9.83959999999999,9.854300000000024,9.839799999999997,9.884600000000006,9.856599999999986,9.848899999999987,9.852900000000006,9.938700000000012,9.856799999999993,9.857799999999998,9.853400000000022,9.841899999999982,9.918399999999992,9.83480000000003,9.873900000000049,9.835899999999981,9.837199999999996,9.854199999999992,9.841799999999978,9.859100000000013,9.866599999999949,9.846100000000036,9.85590000000002,9.834000000000004,9.878300000000025,9.870200000000012,9.8476,9.884900000000016,9.841200000000015,9.833200000000034,9.8476,9.830099999999959,9.874000000000024,9.843600000000038,9.831899999999962,9.859200000000044,9.883000000000039,9.85880000000003,9.856600000000015,9.85730000000001,9.85089999999991,9.854200000000106,9.844600000000014,9.835900000000038,9.847300000000019,9.836900000000015,9.834899999999948,9.858499999999936,9.835299999999961,9.837099999999964,9.830100000000016,9.871800000000008,9.851499999999988,9.851599999999963,9.835500000000025,9.84699999999998,9.84960000000001,9.868100000000027,9.879300000000058,9.843899999999963,9.843600000000038,9.839899999999944,9.950900000000047,9.844799999999964,9.844799999999964,9.837999999999966,10.180600000000027,9.850900000000025,9.858600000000024,9.872700000000009,9.83260000000007,9.852100000000064,9.858099999999923,9.84820000000002,9.845500000000016,9.833200000000034,9.843700000000013,9.836700000000065,9.828499999999963,9.84940000000006,9.829899999999953,9.855099999999993,9.871499999999969,9.844699999999989,9.867800000000102,9.864299999999958,9.837299999999914,9.846900000000005,9.847599999999943,9.853700000000004,9.844499999999926,9.839099999999917],"Min":9.827400000000012,"Max":10.180600000000027,"Median":9.848550000000003,"Average":9.855522000000003,"StandardDeviation":0.03828516313143369,"Sum":985.5522000000002}]}
]]></output>
              </test-case>
              <test-case id="1109" name="ECB_AddComponent_10K" fullname="Wargon.Nukecs.Tests.EcsBenchmark.ECB_AddComponent_10K" methodname="ECB_AddComponent_10K" classname="Wargon.Nukecs.Tests.EcsBenchmark" runstate="Runnable" seed="1750204970" result="Passed" start-time="2026-06-02 01:50:41Z" end-time="2026-06-02 01:50:41Z" duration="0.328082" asserts="0">
                <properties>
                  <property name="Category" value="Performance" />
                  <property name="retryIteration" value="0" />
                  <property name="repeatIteration" value="0" />
                </properties>
                <output><![CDATA[[☢️NUKECS] Created World 0
Time in Milliseconds
Min:		0,14 ms
Median:		0,14 ms
Max:		0,25 ms
Avg:		0,16 ms
StdDev:		0,03 ms
SampleCount:	50
Sum:		7,83 ms
First samples:	█████▆▁▁▁▁▁▁▁▁▁▁▁▁▁▁▁▁▁▁▁▁▂▁▁▁▁▁▁▁▁▁▁▁▁▁▁▁▁▁▁▁▁▁▁▁
Histogram:	█▄▁▁▁▁▁▁▁▁


##performancetestresult2:{"Name":"Wargon.Nukecs.Tests.EcsBenchmark.ECB_AddComponent_10K","ClassName":"Wargon.Nukecs.Tests.EcsBenchmark","MethodName":"ECB_AddComponent_10K","Version":"1","Categories":["Performance"],"SampleGroups":[{"Name":"Time","Unit":2,"IncreaseIsBetter":false,"Samples":[0.24910000000000033,0.24929999999999986,0.24670000000000059,0.24540000000000007,0.25179999999999938,0.2181999999999995,0.14390000000000037,0.1443999999999992,0.14349999999999953,0.14470000000000028,0.14499999999999958,0.14550000000000019,0.14700000000000025,0.14580000000000127,0.14620000000000034,0.14510000000000113,0.14590000000000104,0.1460999999999988,0.14589999999999926,0.14840000000000054,0.14559999999999996,0.14490000000000159,0.14480000000000005,0.1457000000000015,0.14620000000000034,0.1446000000000005,0.15610000000000036,0.1440999999999999,0.1438000000000006,0.14339999999999976,0.14449999999999897,0.14400000000000014,0.14459999999999874,0.14340000000000154,0.14369999999999906,0.14290000000000092,0.14310000000000046,0.14329999999999999,0.1426999999999996,0.1438000000000006,0.1429999999999989,0.14450000000000075,0.14310000000000046,0.14289999999999737,0.14299999999999714,0.14289999999999737,0.14560000000000174,0.14450000000000075,0.14300000000000069,0.14290000000000092],"Min":0.1426999999999996,"Max":0.25179999999999938,"Median":0.14459999999999963,"Average":0.15657000000000005,"StandardDeviation":0.032378309097295349,"Sum":7.828500000000002}]}
]]></output>
              </test-case>
              <test-case id="1110" name="ECB_RemoveComponent_10K" fullname="Wargon.Nukecs.Tests.EcsBenchmark.ECB_RemoveComponent_10K" methodname="ECB_RemoveComponent_10K" classname="Wargon.Nukecs.Tests.EcsBenchmark" runstate="Runnable" seed="134556707" result="Passed" start-time="2026-06-02 01:50:41Z" end-time="2026-06-02 01:50:42Z" duration="0.678944" asserts="0">
                <properties>
                  <property name="Category" value="Performance" />
                  <property name="retryIteration" value="0" />
                  <property name="repeatIteration" value="0" />
                </properties>
                <output><![CDATA[[☢️NUKECS] Created World 0
Time in Milliseconds
Min:		3,19 ms
Median:		3,77 ms
Max:		5,59 ms
Avg:		3,61 ms
StdDev:		0,49 ms
SampleCount:	50
Sum:		180,58 ms
First samples:	▃▄▃▃▃▃▃▃▅▃▃▃▃▃▃▃▃▃▃▃▃▇▃▃▃▁▁▁▁▁▁▁▁▁▁▁▁▁▁▁▁▁▁▁▁▁▁█▁▁
Histogram:	█▄▂▁▁▁▁▁▁▁


##performancetestresult2:{"Name":"Wargon.Nukecs.Tests.EcsBenchmark.ECB_RemoveComponent_10K","ClassName":"Wargon.Nukecs.Tests.EcsBenchmark","MethodName":"ECB_RemoveComponent_10K","Version":"1","Categories":["Performance"],"SampleGroups":[{"Name":"Time","Unit":2,"IncreaseIsBetter":false,"Samples":[3.7918999999999984,4.103099999999998,3.7836999999999998,3.838000000000001,3.765899999999995,3.7754000000000049,3.7875000000000016,3.811300000000003,4.460900000000002,3.8205000000000028,3.820699999999995,3.8288999999999975,3.8081999999999995,3.807000000000002,3.8196999999999976,3.8355999999999996,3.809600000000003,3.795500000000004,3.8083000000000029,3.8489000000000006,3.8555000000000065,5.2335000000000069,3.8104000000000015,3.847300000000004,3.8070999999999914,3.227000000000004,3.2253999999999936,3.2379999999999997,3.218599999999981,3.229799999999983,3.1940999999999919,3.2072000000000004,3.2293999999999984,3.2081000000000019,3.2072000000000004,3.199099999999987,3.22890000000001,3.2469999999999858,3.2215000000000204,3.220100000000002,3.203800000000001,3.231700000000018,3.2757000000000007,3.2159999999999799,3.2076999999999886,3.2213999999999887,3.211999999999989,5.590599999999995,3.2128999999999907,3.2295999999999767],"Min":3.1940999999999919,"Max":5.590599999999995,"Median":3.77065,"Average":3.6115439999999987,"StandardDeviation":0.4913751895079786,"Sum":180.57719999999993}]}
]]></output>
              </test-case>
              <test-case id="1105" name="EntityCreation_10K" fullname="Wargon.Nukecs.Tests.EcsBenchmark.EntityCreation_10K" methodname="EntityCreation_10K" classname="Wargon.Nukecs.Tests.EcsBenchmark" runstate="Runnable" seed="415524092" result="Passed" start-time="2026-06-02 01:50:42Z" end-time="2026-06-02 01:50:42Z" duration="0.425817" asserts="0">
                <properties>
                  <property name="Category" value="Performance" />
                  <property name="retryIteration" value="0" />
                  <property name="repeatIteration" value="0" />
                </properties>
                <output><![CDATA[[☢️NUKECS] Created World 0
Time in Milliseconds
Min:		4,57 ms
Median:		4,63 ms
Max:		7,76 ms
Avg:		4,83 ms
StdDev:		0,70 ms
SampleCount:	20
Sum:		96,59 ms
First samples:	▁▃▁▂▁▁▁▁█▁▁▁▁▁▁▁▁▁▁▁
Histogram:	█▄▂▁▁▁▁▁▁▁


##performancetestresult2:{"Name":"Wargon.Nukecs.Tests.EcsBenchmark.EntityCreation_10K","ClassName":"Wargon.Nukecs.Tests.EcsBenchmark","MethodName":"EntityCreation_10K","Version":"1","Categories":["Performance"],"SampleGroups":[{"Name":"Time","Unit":2,"IncreaseIsBetter":false,"Samples":[4.581199999999999,5.3494999999999959,4.597300000000004,4.945299999999996,4.625,4.6928999999999949,4.628099999999996,4.584099999999999,7.764800000000008,4.663700000000006,4.5839,4.658300000000011,4.6845,4.569800000000001,4.602000000000004,4.6174000000000039,4.570799999999991,4.583200000000005,4.645200000000003,4.646500000000003],"Min":4.569800000000001,"Max":7.764800000000008,"Median":4.626549999999998,"Average":4.829675000000001,"StandardDeviation":0.6954855439726995,"Sum":96.59350000000002}]}
]]></output>
              </test-case>
              <test-case id="1106" name="EntityCreationBATCH_10K" fullname="Wargon.Nukecs.Tests.EcsBenchmark.EntityCreationBATCH_10K" methodname="EntityCreationBATCH_10K" classname="Wargon.Nukecs.Tests.EcsBenchmark" runstate="Runnable" seed="973858303" result="Passed" start-time="2026-06-02 01:50:42Z" end-time="2026-06-02 01:50:43Z" duration="0.321310" asserts="0">
                <properties>
                  <property name="Category" value="Performance" />
                  <property name="retryIteration" value="0" />
                  <property name="repeatIteration" value="0" />
                </properties>
                <output><![CDATA[[☢️NUKECS] Created World 0
Time in Milliseconds
Min:		0,18 ms
Median:		0,23 ms
Max:		1,93 ms
Avg:		0,37 ms
StdDev:		0,43 ms
SampleCount:	20
Sum:		7,46 ms
First samples:	▁▂▁▂▁▁▁▁█▁▁▆▁▁▁▁▁▁▁▁
Histogram:	█▃▂▁▁▁▁▁▁▁


##performancetestresult2:{"Name":"Wargon.Nukecs.Tests.EcsBenchmark.EntityCreationBATCH_10K","ClassName":"Wargon.Nukecs.Tests.EcsBenchmark","MethodName":"EntityCreationBATCH_10K","Version":"1","Categories":["Performance"],"SampleGroups":[{"Name":"Time","Unit":2,"IncreaseIsBetter":false,"Samples":[0.18799999999999995,0.3469000000000002,0.18450000000000034,0.3785000000000003,0.1937000000000002,0.20429999999999993,0.2094999999999998,0.21039999999999993,1.9294000000000003,0.20910000000000029,0.21300000000000009,1.3068999999999998,0.23430000000000018,0.23609999999999954,0.23610000000000043,0.23460000000000037,0.23470000000000014,0.23370000000000069,0.238900000000001,0.23290000000000078],"Min":0.18450000000000034,"Max":1.9294000000000003,"Median":0.23400000000000044,"Average":0.3727750000000002,"StandardDeviation":0.429143212546814,"Sum":7.455500000000004}]}
]]></output>
              </test-case>
              <test-case id="1108" name="EntityCreationBATCH_10K_JobMainBurst" fullname="Wargon.Nukecs.Tests.EcsBenchmark.EntityCreationBATCH_10K_JobMainBurst" methodname="EntityCreationBATCH_10K_JobMainBurst" classname="Wargon.Nukecs.Tests.EcsBenchmark" runstate="Runnable" seed="1248625831" result="Passed" start-time="2026-06-02 01:50:43Z" end-time="2026-06-02 01:50:43Z" duration="0.325122" asserts="0">
                <properties>
                  <property name="Category" value="Performance" />
                  <property name="retryIteration" value="0" />
                  <property name="repeatIteration" value="0" />
                </properties>
                <output><![CDATA[[☢️NUKECS] Created World 0
Time in Milliseconds
Min:		0,18 ms
Median:		0,23 ms
Max:		1,93 ms
Avg:		0,43 ms
StdDev:		0,45 ms
SampleCount:	20
Sum:		8,66 ms
First samples:	▂▁▃▁▄▁▁▁▁█▁▁▆▁▁▁▁▁▁▁
Histogram:	█▃▂▁▁▁▁▁▁▁


##performancetestresult2:{"Name":"Wargon.Nukecs.Tests.EcsBenchmark.EntityCreationBATCH_10K_JobMainBurst","ClassName":"Wargon.Nukecs.Tests.EcsBenchmark","MethodName":"EntityCreationBATCH_10K_JobMainBurst","Version":"1","Categories":["Performance"],"SampleGroups":[{"Name":"Time","Unit":2,"IncreaseIsBetter":false,"Samples":[0.32040000000000026,0.1817000000000002,0.7496999999999998,0.18149999999999978,0.9479000000000006,0.22999999999999955,0.23289999999999989,0.23439999999999995,0.22639999999999994,1.9325,0.2270999999999992,0.22399999999999843,1.331199999999999,0.23520000000000075,0.23029999999999974,0.23249999999999994,0.22940000000000006,0.25120000000000078,0.22889999999999945,0.22930000000000029],"Min":0.18149999999999978,"Max":1.9325,"Median":0.23139999999999984,"Average":0.4328249999999999,"StandardDeviation":0.452066582347114,"Sum":8.656499999999998}]}
]]></output>
              </test-case>
              <test-case id="1107" name="EntityCreationBATCH_10K_JobSingleBurst" fullname="Wargon.Nukecs.Tests.EcsBenchmark.EntityCreationBATCH_10K_JobSingleBurst" methodname="EntityCreationBATCH_10K_JobSingleBurst" classname="Wargon.Nukecs.Tests.EcsBenchmark" runstate="Runnable" seed="1982289467" result="Passed" start-time="2026-06-02 01:50:43Z" end-time="2026-06-02 01:50:43Z" duration="0.311341" asserts="0">
                <properties>
                  <property name="Category" value="Performance" />
                  <property name="retryIteration" value="0" />
                  <property name="repeatIteration" value="0" />
                </properties>
                <output><![CDATA[[☢️NUKECS] Created World 0
Time in Milliseconds
Min:		0,06 ms
Median:		0,11 ms
Max:		1,55 ms
Avg:		0,31 ms
StdDev:		0,43 ms
SampleCount:	20
Sum:		6,10 ms
First samples:	▂▁▃▁▅▁▁▁▁█▁▁▇▁▁▁▁▁▁▁
Histogram:	█▃▂▁▁▁▁▁▁▁


##performancetestresult2:{"Name":"Wargon.Nukecs.Tests.EcsBenchmark.EntityCreationBATCH_10K_JobSingleBurst","ClassName":"Wargon.Nukecs.Tests.EcsBenchmark","MethodName":"EntityCreationBATCH_10K_JobSingleBurst","Version":"1","Categories":["Performance"],"SampleGroups":[{"Name":"Time","Unit":2,"IncreaseIsBetter":false,"Samples":[0.19290000000000008,0.05699999999999994,0.5721000000000003,0.05929999999999991,0.8393000000000002,0.09800000000000031,0.09880000000000022,0.10599999999999987,0.09919999999999973,1.5466000000000003,0.15010000000000013,0.10119999999999951,1.3748999999999994,0.10709999999999997,0.10670000000000002,0.1181000000000001,0.10789999999999989,0.15169999999999995,0.11019999999999986,0.10519999999999996],"Min":0.05699999999999994,"Max":1.5466000000000003,"Median":0.10749999999999993,"Average":0.3051149999999999,"StandardDeviation":0.4280186868292084,"Sum":6.102299999999999}]}
]]></output>
              </test-case>
              <test-case id="1125" name="GET_FAST_BitMap1024_1023_GET" fullname="Wargon.Nukecs.Tests.EcsBenchmark.GET_FAST_BitMap1024_1023_GET" methodname="GET_FAST_BitMap1024_1023_GET" classname="Wargon.Nukecs.Tests.EcsBenchmark" runstate="Runnable" seed="1865287417" result="Passed" start-time="2026-06-02 01:50:43Z" end-time="2026-06-02 01:50:48Z" duration="4.709729" asserts="0">
                <properties>
                  <property name="Category" value="Performance" />
                  <property name="retryIteration" value="0" />
                  <property name="repeatIteration" value="0" />
                </properties>
                <output><![CDATA[[☢️NUKECS] Created World 0
SIZE:4KB/4284B
Time in Milliseconds
Min:		40,30 ms
Median:		40,76 ms
Max:		67,38 ms
Avg:		41,97 ms
StdDev:		3,74 ms
SampleCount:	100
Sum:		4196,77 ms
First samples:	▁▁▁▁▁▁▁▁▁▁▁▁▁▁▁▁▁▁▁▁▁▁▁▁▁▁▁▁▁▁▁▁▃▁▁▃▂▁▁▁▁▁▁▁▁▁▁▁▁▁▁▁▁▁▁▁▂▁▁▂█▅▁▁▁▁▁▁▁▁▁▁▁▃▂▅▂▃▁▂▂▁▁▂▂▁▁▁▁▁▁▁▄▁▁▁▁▁▁▁
Histogram:	█▃▂▁▁▁▁▁▁▁


##performancetestresult2:{"Name":"Wargon.Nukecs.Tests.EcsBenchmark.GET_FAST_BitMap1024_1023_GET","ClassName":"Wargon.Nukecs.Tests.EcsBenchmark","MethodName":"GET_FAST_BitMap1024_1023_GET","Version":"1","Categories":["Performance"],"SampleGroups":[{"Name":"Time","Unit":2,"IncreaseIsBetter":false,"Samples":[40.5941,40.62789999999998,40.561800000000008,40.65809999999999,41.13330000000002,41.01060000000001,40.633500000000029,40.99499999999995,40.400400000000107,40.331100000000109,40.29939999999999,40.46510000000001,40.32050000000004,40.296100000000027,40.42439999999999,40.37580000000003,40.35889999999995,40.32560000000001,40.3338,40.5086,41.0397999999999,40.725400000000039,40.32999999999993,40.41229999999996,40.51890000000003,41.00109999999995,40.78729999999996,40.66599999999994,40.51690000000008,40.518499999999907,40.625,40.33140000000003,46.578500000000079,40.67880000000014,40.5610999999999,47.88020000000006,42.3424,40.61799999999994,40.794999999999848,40.94769999999994,40.50859999999989,40.56049999999982,40.71230000000014,40.686300000000077,40.67099999999982,41.63220000000001,41.17489999999998,40.42669999999998,40.60750000000007,40.53590000000031,40.75550000000021,40.54509999999982,40.65029999999979,40.703500000000079,40.70730000000003,40.76839999999993,44.34960000000001,41.53070000000025,40.947099999999867,44.07420000000002,67.37710000000016,55.69860000000017,42.05459999999994,40.78819999999996,40.57060000000001,40.98409999999967,40.95730000000003,41.36909999999989,40.76249999999982,40.629399999999808,40.7188000000001,40.597699999999807,41.81179999999995,48.75540000000001,42.51200000000017,54.53780000000006,42.88200000000006,46.39059999999972,40.371599999999947,44.44120000000021,42.35039999999981,41.087499999999639,41.5326,44.082400000000237,43.7197000000001,41.065599999999907,40.78450000000021,40.57470000000012,41.126500000000309,41.980699999999618,41.23750000000018,40.95690000000013,53.30580000000009,42.11480000000029,40.993099999999689,41.27679999999964,41.235099999999878,40.868900000000397,40.66139999999996,40.52400000000034],"Min":40.296100000000027,"Max":67.37710000000016,"Median":40.759000000000018,"Average":41.967652,"StandardDeviation":3.7373594162050018,"Sum":4196.7652}]}
]]></output>
              </test-case>
              <test-case id="1121" name="GET_FAST_BitMap1024_16_GET" fullname="Wargon.Nukecs.Tests.EcsBenchmark.GET_FAST_BitMap1024_16_GET" methodname="GET_FAST_BitMap1024_16_GET" classname="Wargon.Nukecs.Tests.EcsBenchmark" runstate="Runnable" seed="1963498110" result="Passed" start-time="2026-06-02 01:50:48Z" end-time="2026-06-02 01:50:48Z" duration="0.320841" asserts="0">
                <properties>
                  <property name="Category" value="Performance" />
                  <property name="retryIteration" value="0" />
                  <property name="repeatIteration" value="0" />
                </properties>
                <output><![CDATA[[☢️NUKECS] Created World 0
SIZE:0KB/256B
Time in Milliseconds
Min:		0,08 ms
Median:		0,08 ms
Max:		0,09 ms
Avg:		0,09 ms
StdDev:		0,00 ms
SampleCount:	100
Sum:		8,52 ms
First samples:	▁▁▁▁▁▁▁▁▁▂▁▁▁▁▁▁▁▃▁▁▂▁▁▁▁▁▁▁▁▁▁▁▂▁▁▁▁▁▁▂▁▁▁▁▂▁▁▁▁▁▁▁▁▁▁▂▁▁▁▁▂▁▁▁▁▁▁▁▁▁▁▁▂▂▁▁▁▂▁█▁▁▁▂▁▁▂▁▁▃▁▁▁▁▁▁▁▁▁▁
Histogram:	█▃▂▁▁▁▁▁▁▁


##performancetestresult2:{"Name":"Wargon.Nukecs.Tests.EcsBenchmark.GET_FAST_BitMap1024_16_GET","ClassName":"Wargon.Nukecs.Tests.EcsBenchmark","MethodName":"GET_FAST_BitMap1024_16_GET","Version":"1","Categories":["Performance"],"SampleGroups":[{"Name":"Time","Unit":2,"IncreaseIsBetter":false,"Samples":[0.08479999999999999,0.0847,0.0847,0.0847,0.08479999999999999,0.0847,0.08489999999999998,0.0849000000000002,0.08489999999999998,0.08640000000000003,0.08489999999999998,0.08479999999999999,0.0847,0.08479999999999999,0.08480000000000021,0.08470000000000022,0.08470000000000022,0.08760000000000012,0.08499999999999997,0.08469999999999978,0.0855999999999999,0.0849000000000002,0.08479999999999999,0.0849000000000002,0.08479999999999999,0.08499999999999997,0.08489999999999976,0.08499999999999997,0.08519999999999994,0.08489999999999976,0.08479999999999999,0.08469999999999978,0.08550000000000013,0.08489999999999976,0.0849000000000002,0.0849000000000002,0.08469999999999978,0.08479999999999999,0.0849000000000002,0.08669999999999956,0.08499999999999997,0.0849000000000002,0.08469999999999978,0.08510000000000062,0.08560000000000034,0.08480000000000043,0.08500000000000085,0.0849000000000002,0.0849000000000002,0.08480000000000043,0.08499999999999997,0.08489999999999931,0.08509999999999973,0.0849000000000002,0.08479999999999954,0.08549999999999969,0.08480000000000043,0.08520000000000039,0.0849000000000002,0.08520000000000039,0.08680000000000021,0.08469999999999978,0.08480000000000043,0.08480000000000043,0.08469999999999978,0.08489999999999931,0.0849000000000002,0.08539999999999992,0.08480000000000043,0.08470000000000067,0.0849000000000002,0.08520000000000039,0.08560000000000034,0.08570000000000011,0.08539999999999992,0.0851999999999995,0.0851999999999995,0.08579999999999988,0.08530000000000016,0.09480000000000022,0.08530000000000016,0.08530000000000016,0.0849000000000002,0.08680000000000021,0.08479999999999954,0.08489999999999931,0.08550000000000147,0.08500000000000085,0.08520000000000039,0.08709999999999951,0.08499999999999908,0.08480000000000132,0.08499999999999908,0.08479999999999954,0.08510000000000062,0.08520000000000039,0.08510000000000062,0.08469999999999978,0.08490000000000109,0.08469999999999978],"Min":0.08469999999999978,"Max":0.09480000000000022,"Median":0.0849000000000002,"Average":0.08518700000000007,"StandardDeviation":0.0011017853692984049,"Sum":8.518700000000007}]}
]]></output>
              </test-case>
              <test-case id="1117" name="GET_FAST_BitMap1024_64_GET" fullname="Wargon.Nukecs.Tests.EcsBenchmark.GET_FAST_BitMap1024_64_GET" methodname="GET_FAST_BitMap1024_64_GET" classname="Wargon.Nukecs.Tests.EcsBenchmark" runstate="Runnable" seed="1481907275" result="Passed" start-time="2026-06-02 01:50:48Z" end-time="2026-06-02 01:50:49Z" duration="0.384534" asserts="0">
                <properties>
                  <property name="Category" value="Performance" />
                  <property name="retryIteration" value="0" />
                  <property name="repeatIteration" value="0" />
                </properties>
                <output><![CDATA[[☢️NUKECS] Created World 0
SIZE:0KB/448B
Time in Milliseconds
Min:		0,36 ms
Median:		0,36 ms
Max:		0,39 ms
Avg:		0,36 ms
StdDev:		0,01 ms
SampleCount:	100
Sum:		36,22 ms
First samples:	▄▄▄▄▄▁▁▁▁▁▃▂▁▃▁▁▁▁▁▁▁▁▁▁▂▁▁▁▁▁▃▁▄▁▁▁▁▁▁▁▁▁▁▁▁▁▁▁▁▁▂▁▁▁▁▁▁▁▁▁▁▁▁▁▁▄▁▁▁▁▁▁▁█▁▁▁▁▁▁▁▁▁▁▁▁▁▁▁▁▁▁▁▁▁▁▁▁▁▁
Histogram:	█▃▁▁▁▁▁▁▁▁


##performancetestresult2:{"Name":"Wargon.Nukecs.Tests.EcsBenchmark.GET_FAST_BitMap1024_64_GET","ClassName":"Wargon.Nukecs.Tests.EcsBenchmark","MethodName":"GET_FAST_BitMap1024_64_GET","Version":"1","Categories":["Performance"],"SampleGroups":[{"Name":"Time","Unit":2,"IncreaseIsBetter":false,"Samples":[0.37449999999999986,0.3748,0.3754999999999997,0.37490000000000026,0.37650000000000008,0.36030000000000009,0.35990000000000058,0.36050000000000007,0.35999999999999945,0.35999999999999945,0.3703000000000003,0.36460000000000028,0.36099999999999979,0.37020000000000055,0.36080000000000025,0.36109999999999956,0.36019999999999988,0.3605999999999998,0.3606999999999996,0.35989999999999969,0.36029999999999876,0.36050000000000007,0.35999999999999945,0.3604000000000003,0.36239999999999919,0.360100000000001,0.36100000000000068,0.36020000000000076,0.35989999999999969,0.3608000000000011,0.3675999999999995,0.3622000000000014,0.37650000000000008,0.3606999999999996,0.35999999999999945,0.36100000000000068,0.3604000000000003,0.3605999999999998,0.3600999999999992,0.36019999999999899,0.36089999999999736,0.3602000000000025,0.3603999999999985,0.3608000000000011,0.35999999999999945,0.36049999999999829,0.3608000000000011,0.3600999999999992,0.3606000000000016,0.36210000000000167,0.3630999999999993,0.3623000000000012,0.3616000000000028,0.3603999999999985,0.36100000000000068,0.35999999999999945,0.35999999999999945,0.36049999999999829,0.36010000000000277,0.3606999999999978,0.360000000000003,0.35999999999999945,0.36070000000000138,0.3600999999999992,0.35999999999999945,0.37239999999999898,0.35989999999999969,0.35989999999999969,0.3608000000000011,0.3619999999999983,0.3622999999999976,0.3606000000000016,0.3603000000000023,0.3946000000000005,0.35999999999999945,0.3602000000000025,0.36079999999999759,0.3602000000000025,0.3600999999999992,0.36040000000000207,0.36019999999999899,0.3608000000000011,0.35999999999999945,0.35999999999999945,0.3605000000000018,0.36010000000000277,0.36010000000000277,0.3609999999999971,0.36180000000000236,0.36129999999999998,0.36180000000000236,0.36059999999999806,0.36129999999999998,0.3603000000000023,0.36019999999999899,0.36059999999999806,0.3603000000000023,0.35999999999999945,0.36070000000000138,0.35999999999999945],"Min":0.35989999999999969,"Max":0.3946000000000005,"Median":0.36050000000000095,"Average":0.3622420000000001,"StandardDeviation":0.005142026448784545,"Sum":36.22420000000001}]}
]]></output>
              </test-case>
              <test-case id="1116" name="GET_FAST_HashMap_1023_GET" fullname="Wargon.Nukecs.Tests.EcsBenchmark.GET_FAST_HashMap_1023_GET" methodname="GET_FAST_HashMap_1023_GET" classname="Wargon.Nukecs.Tests.EcsBenchmark" runstate="Runnable" seed="1525627880" result="Passed" start-time="2026-06-02 01:50:49Z" end-time="2026-06-02 01:50:50Z" duration="1.012931" asserts="0">
                <properties>
                  <property name="Category" value="Performance" />
                  <property name="retryIteration" value="0" />
                  <property name="repeatIteration" value="0" />
                </properties>
                <output><![CDATA[[☢️NUKECS] Created World 0
SIZE:20KB/20568B
Time in Milliseconds
Min:		5,61 ms
Median:		5,83 ms
Max:		10,22 ms
Avg:		6,25 ms
StdDev:		0,97 ms
SampleCount:	100
Sum:		624,80 ms
First samples:	█▇▃▃▃▂▂▅▅▆█▆▂▁▁▁▁▂▁▁▁▁▁▁▂▄▆▃▂▂▁▁▁▁▂▂▁▁▁▂▁▁▁▁▁▁▁▁▁▁▂▁▁▂▂▁▂▁▁▁▁▂▃▃▂▁▂▁▁▁▁▁▁▁▂▂▁▁▁▃▃▂▂▁▂▁▁▁▁▄▁▂▂▃▁▁▁▂▁▃
Histogram:	█▃▂▁▁▁▁▁▁▁


##performancetestresult2:{"Name":"Wargon.Nukecs.Tests.EcsBenchmark.GET_FAST_HashMap_1023_GET","ClassName":"Wargon.Nukecs.Tests.EcsBenchmark","MethodName":"GET_FAST_HashMap_1023_GET","Version":"1","Categories":["Performance"],"SampleGroups":[{"Name":"Time","Unit":2,"IncreaseIsBetter":false,"Samples":[10.2152,9.246200000000002,6.683799999999998,6.779399999999995,7.114999999999995,6.266599999999997,6.42410000000001,8.214200000000006,8.533100000000005,9.213499999999997,9.967300000000009,8.651499999999999,6.161200000000008,5.696200000000005,5.62530000000001,5.614000000000004,5.6617999999999999,6.063199999999995,5.624500000000012,5.647899999999993,5.646799999999985,5.636499999999984,5.674499999999995,5.759899999999988,6.244499999999988,7.28400000000002,8.940799999999996,6.855700000000013,6.1107000000000089,6.1203000000000149,5.78370000000001,5.678300000000007,5.634599999999978,5.7791,5.970399999999984,6.0009000000000018,5.668999999999983,5.70229999999998,5.794799999999952,5.957400000000007,5.7117999999999828,5.632800000000032,5.816499999999962,5.721900000000005,5.621899999999982,5.6404,5.639399999999966,5.635500000000036,5.704400000000021,5.685999999999979,6.38979999999998,5.713000000000022,5.673000000000002,6.209499999999991,5.993100000000027,5.935800000000029,6.020800000000008,5.75569999999999,5.64609999999999,5.747700000000009,5.797799999999995,6.483099999999979,6.9909000000000109,7.058400000000006,6.032199999999989,5.719499999999982,5.985500000000002,5.640600000000006,5.649900000000002,5.620900000000006,5.633399999999995,5.6247000000000189,5.614599999999996,5.638900000000035,5.9594000000000169,6.039800000000014,5.685599999999965,5.891799999999989,5.836599999999976,6.682999999999993,6.867500000000064,6.171600000000012,6.385200000000054,5.914800000000014,6.492200000000025,5.653599999999983,5.647799999999961,5.639700000000062,5.668299999999931,7.507000000000062,5.786300000000097,6.273500000000013,6.540300000000002,6.814200000000028,5.790700000000015,5.676400000000058,5.691100000000006,6.529599999999959,5.883500000000026,6.73599999999999],"Min":5.614000000000004,"Max":10.2152,"Median":5.826549999999969,"Average":6.2479920000000039,"StandardDeviation":0.9686824656903849,"Sum":624.7992000000004}]}
]]></output>
              </test-case>
              <test-case id="1124" name="GET_FAST_HashMap_16_GET" fullname="Wargon.Nukecs.Tests.EcsBenchmark.GET_FAST_HashMap_16_GET" methodname="GET_FAST_HashMap_16_GET" classname="Wargon.Nukecs.Tests.EcsBenchmark" runstate="Runnable" seed="1478263043" result="Passed" start-time="2026-06-02 01:50:50Z" end-time="2026-06-02 01:50:50Z" duration="0.334763" asserts="0">
                <properties>
                  <property name="Category" value="Performance" />
                  <property name="retryIteration" value="0" />
                  <property name="repeatIteration" value="0" />
                </properties>
                <output><![CDATA[[☢️NUKECS] Created World 0
SIZE:0KB/408B
Time in Milliseconds
Min:		0,09 ms
Median:		0,09 ms
Max:		0,13 ms
Avg:		0,09 ms
StdDev:		0,00 ms
SampleCount:	100
Sum:		8,66 ms
First samples:	▁▁▁▁▁▁▁▁▁▁▁▁▁▁▁▁▁▁▁▁▁▁▁▁▁▁▁▁▁▁▁▁▁▁▁▁▁▁▁▁▁▁▁▁▁▁▁▁▁▁▁▁▁▁▁▁▁▁▁▁▁▁▁▁▁▁▁▁▁▁▁▁▁▁▁▁▁▁▁▁▁▁▁▁▁▁▁▁▁▁▁▁▁▁▁▁▁▁█▁
Histogram:	█▂▂▁▁▁▁▁▁▁


##performancetestresult2:{"Name":"Wargon.Nukecs.Tests.EcsBenchmark.GET_FAST_HashMap_16_GET","ClassName":"Wargon.Nukecs.Tests.EcsBenchmark","MethodName":"GET_FAST_HashMap_16_GET","Version":"1","Categories":["Performance"],"SampleGroups":[{"Name":"Time","Unit":2,"IncreaseIsBetter":false,"Samples":[0.08579999999999999,0.08589999999999998,0.08600000000000008,0.08589999999999998,0.08599999999999997,0.08700000000000008,0.08579999999999988,0.08590000000000009,0.0858000000000001,0.08579999999999988,0.08600000000000008,0.0858000000000001,0.08589999999999987,0.08590000000000009,0.08590000000000009,0.08589999999999987,0.08590000000000009,0.08639999999999981,0.08580000000000032,0.08579999999999988,0.08590000000000009,0.0860000000000003,0.08590000000000009,0.08599999999999986,0.08579999999999988,0.08579999999999988,0.08599999999999986,0.08589999999999965,0.08639999999999981,0.08590000000000009,0.08579999999999988,0.08589999999999965,0.08610000000000007,0.08580000000000032,0.08589999999999965,0.08599999999999986,0.08599999999999986,0.0860000000000003,0.08590000000000009,0.0860000000000003,0.08640000000000026,0.0860000000000003,0.08599999999999941,0.08590000000000053,0.08590000000000053,0.08589999999999965,0.08589999999999965,0.08590000000000053,0.08590000000000053,0.08599999999999941,0.08589999999999965,0.08579999999999988,0.08650000000000002,0.08599999999999941,0.08630000000000049,0.08580000000000077,0.08589999999999965,0.08599999999999941,0.08590000000000053,0.0860000000000003,0.08650000000000002,0.08680000000000021,0.08630000000000049,0.08769999999999989,0.08669999999999956,0.08729999999999994,0.08650000000000002,0.08639999999999937,0.08599999999999941,0.0860000000000003,0.08669999999999956,0.08599999999999941,0.08619999999999983,0.0862999999999996,0.08680000000000021,0.08780000000000055,0.08610000000000007,0.08680000000000021,0.08650000000000002,0.08599999999999941,0.08599999999999941,0.08589999999999965,0.0860000000000003,0.08619999999999983,0.08610000000000007,0.08619999999999983,0.08679999999999932,0.08599999999999852,0.08619999999999983,0.08610000000000007,0.08610000000000007,0.08610000000000007,0.08599999999999852,0.08610000000000007,0.08610000000000007,0.0860000000000003,0.0860000000000003,0.08610000000000007,0.1341000000000001,0.08619999999999983],"Min":0.08579999999999988,"Max":0.1341000000000001,"Median":0.08599999999999986,"Average":0.08659799999999995,"StandardDeviation":0.004788715485388557,"Sum":8.659799999999996}]}
]]></output>
              </test-case>
              <test-case id="1120" name="GET_FAST_HashMap_64_GET" fullname="Wargon.Nukecs.Tests.EcsBenchmark.GET_FAST_HashMap_64_GET" methodname="GET_FAST_HashMap_64_GET" classname="Wargon.Nukecs.Tests.EcsBenchmark" runstate="Runnable" seed="1381957899" result="Passed" start-time="2026-06-02 01:50:50Z" end-time="2026-06-02 01:50:50Z" duration="0.367275" asserts="0">
                <properties>
                  <property name="Category" value="Performance" />
                  <property name="retryIteration" value="0" />
                  <property name="repeatIteration" value="0" />
                </properties>
                <output><![CDATA[[☢️NUKECS] Created World 0
SIZE:1KB/1368B
Time in Milliseconds
Min:		0,34 ms
Median:		0,55 ms
Max:		1,99 ms
Avg:		0,56 ms
StdDev:		0,23 ms
SampleCount:	100
Sum:		56,10 ms
First samples:	▁▁▁▁▁█▂▃▃▂▃▂▂▄▂▂▂▃▂▂▂▂▃▄▂▂▃▃▂▂▃▃▂▂▂▄▂▂▂▃▂▁▁▂▂▂▁▂▃▃▁▁▁▁▁▂▁▁▁▂▃▃▃▃▂▁▁▂▂▂▂▂▁▁▁▁▁▁▁▁▁▁▁▁▁▁▂▂▂▂▁▁▁▁▁▁▁▁▁▁
Histogram:	█▃▂▁▁▁▁▁▁▁


[...]
                <properties>
                  <property name="retryIteration" value="0" />
                  <property name="repeatIteration" value="0" />
                </properties>
                <output><![CDATA[[☢️NUKECS] Created World 0
]]></output>
              </test-case>
              <test-case id="1241" name="Chain_MultipleDamageTicks_KillOverTime" fullname="Wargon.Nukecs.Tests.SystemChainTests.Chain_MultipleDamageTicks_KillOverTime" methodname="Chain_MultipleDamageTicks_KillOverTime" classname="Wargon.Nukecs.Tests.SystemChainTests" runstate="Runnable" seed="2125949899" result="Passed" start-time="2026-06-02 01:51:27Z" end-time="2026-06-02 01:51:27Z" duration="0.004123" asserts="0">
                <properties>
                  <property name="retryIteration" value="0" />
                  <property name="repeatIteration" value="0" />
                </properties>
                <output><![CDATA[[☢️NUKECS] Created World 0
]]></output>
              </test-case>
              <test-case id="1244" name="Chain_MultipleEntities_IndependentDataFlow" fullname="Wargon.Nukecs.Tests.SystemChainTests.Chain_MultipleEntities_IndependentDataFlow" methodname="Chain_MultipleEntities_IndependentDataFlow" classname="Wargon.Nukecs.Tests.SystemChainTests" runstate="Runnable" seed="219446639" result="Passed" start-time="2026-06-02 01:51:27Z" end-time="2026-06-02 01:51:27Z" duration="0.003886" asserts="0">
                <properties>
                  <property name="retryIteration" value="0" />
                  <property name="repeatIteration" value="0" />
                </properties>
                <output><![CDATA[[☢️NUKECS] Created World 0
]]></output>
              </test-case>
              <test-case id="1246" name="Chain_NegativeAcceleration_Decelerates" fullname="Wargon.Nukecs.Tests.SystemChainTests.Chain_NegativeAcceleration_Decelerates" methodname="Chain_NegativeAcceleration_Decelerates" classname="Wargon.Nukecs.Tests.SystemChainTests" runstate="Runnable" seed="530053431" result="Passed" start-time="2026-06-02 01:51:27Z" end-time="2026-06-02 01:51:27Z" duration="0.004155" asserts="0">
                <properties>
                  <property name="retryIteration" value="0" />
                  <property name="repeatIteration" value="0" />
                </properties>
                <output><![CDATA[[☢️NUKECS] Created World 0
]]></output>
              </test-case>
              <test-case id="1242" name="Chain_ScoreMultiplierBonusRank" fullname="Wargon.Nukecs.Tests.SystemChainTests.Chain_ScoreMultiplierBonusRank" methodname="Chain_ScoreMultiplierBonusRank" classname="Wargon.Nukecs.Tests.SystemChainTests" runstate="Runnable" seed="756531730" result="Passed" start-time="2026-06-02 01:51:27Z" end-time="2026-06-02 01:51:27Z" duration="0.004086" asserts="0">
                <properties>
                  <property name="retryIteration" value="0" />
                  <property name="repeatIteration" value="0" />
                </properties>
                <output><![CDATA[[☢️NUKECS] Created World 0
]]></output>
              </test-case>
              <test-case id="1245" name="Chain_ZeroAcceleration_NoMovement" fullname="Wargon.Nukecs.Tests.SystemChainTests.Chain_ZeroAcceleration_NoMovement" methodname="Chain_ZeroAcceleration_NoMovement" classname="Wargon.Nukecs.Tests.SystemChainTests" runstate="Runnable" seed="1078366769" result="Passed" start-time="2026-06-02 01:51:27Z" end-time="2026-06-02 01:51:27Z" duration="0.003950" asserts="0">
                <properties>
                  <property name="retryIteration" value="0" />
                  <property name="repeatIteration" value="0" />
                </properties>
                <output><![CDATA[[☢️NUKECS] Created World 0
]]></output>
              </test-case>
            </test-suite>
            <test-suite type="TestFixture" id="1255" name="WorldTests" fullname="Wargon.Nukecs.Tests.WorldTests" classname="Wargon.Nukecs.Tests.WorldTests" runstate="Runnable" testcasecount="22" result="Passed" start-time="2026-06-02 01:51:27Z" end-time="2026-06-02 01:51:27Z" duration="0.108564" total="22" passed="22" failed="0" inconclusive="0" skipped="0" asserts="0">
              <properties />
              <test-case id="1256" name="AddComponent_IsDeferredUntilWorldUpdate" fullname="Wargon.Nukecs.Tests.WorldTests.AddComponent_IsDeferredUntilWorldUpdate" methodname="AddComponent_IsDeferredUntilWorldUpdate" classname="Wargon.Nukecs.Tests.WorldTests" runstate="Runnable" seed="1456531465" result="Passed" start-time="2026-06-02 01:51:27Z" end-time="2026-06-02 01:51:27Z" duration="0.005648" asserts="0">
                <properties>
                  <property name="retryIteration" value="0" />
                  <property name="repeatIteration" value="0" />
                </properties>
                <output><![CDATA[[☢️NUKECS] Created World 0
]]></output>
              </test-case>
              <test-case id="1267" name="AddMultipleComponents_AllBecomeVisibleAfterUpdate" fullname="Wargon.Nukecs.Tests.WorldTests.AddMultipleComponents_AllBecomeVisibleAfterUpdate" methodname="AddMultipleComponents_AllBecomeVisibleAfterUpdate" classname="Wargon.Nukecs.Tests.WorldTests" runstate="Runnable" seed="1343804873" result="Passed" start-time="2026-06-02 01:51:27Z" end-time="2026-06-02 01:51:27Z" duration="0.004896" asserts="0">
                <properties>
                  <property name="retryIteration" value="0" />
                  <property name="repeatIteration" value="0" />
                </properties>
                <output><![CDATA[[☢️NUKECS] Created World 0
]]></output>
              </test-case>
              <test-case id="1270" name="ComponentArray_AddAndAccessElements" fullname="Wargon.Nukecs.Tests.WorldTests.ComponentArray_AddAndAccessElements" methodname="ComponentArray_AddAndAccessElements" classname="Wargon.Nukecs.Tests.WorldTests" runstate="Runnable" seed="877221931" result="Passed" start-time="2026-06-02 01:51:27Z" end-time="2026-06-02 01:51:27Z" duration="0.004918" asserts="0">
                <properties>
                  <property name="retryIteration" value="0" />
                  <property name="repeatIteration" value="0" />
                </properties>
                <output><![CDATA[[☢️NUKECS] Created World 0
]]></output>
              </test-case>
              <test-case id="1260" name="CreateEntityWithComponent_HasComponentImmediatelyAfterUpdate" fullname="Wargon.Nukecs.Tests.WorldTests.CreateEntityWithComponent_HasComponentImmediatelyAfterUpdate" methodname="CreateEntityWithComponent_HasComponentImmediatelyAfterUpdate" classname="Wargon.Nukecs.Tests.WorldTests" runstate="Runnable" seed="2101497902" result="Passed" start-time="2026-06-02 01:51:27Z" end-time="2026-06-02 01:51:27Z" duration="0.004907" asserts="0">
                <properties>
                  <property name="retryIteration" value="0" />
                  <property name="repeatIteration" value="0" />
                </properties>
                <output><![CDATA[[☢️NUKECS] Created World 0
]]></output>
              </test-case>
              <test-case id="1264" name="EmptyQuery_ReturnsZeroCount" fullname="Wargon.Nukecs.Tests.WorldTests.EmptyQuery_ReturnsZeroCount" methodname="EmptyQuery_ReturnsZeroCount" classname="Wargon.Nukecs.Tests.WorldTests" runstate="Runnable" seed="1081345490" result="Passed" start-time="2026-06-02 01:51:27Z" end-time="2026-06-02 01:51:27Z" duration="0.004489" asserts="0">
                <properties>
                  <property name="retryIteration" value="0" />
                  <property name="repeatIteration" value="0" />
                </properties>
                <output><![CDATA[[☢️NUKECS] Created World 0
]]></output>
              </test-case>
              <test-case id="1277" name="EntityCount_DestroyAndCreateBeyondCapacity" fullname="Wargon.Nukecs.Tests.WorldTests.EntityCount_DestroyAndCreateBeyondCapacity" methodname="EntityCount_DestroyAndCreateBeyondCapacity" classname="Wargon.Nukecs.Tests.WorldTests" runstate="Runnable" seed="509228673" result="Passed" start-time="2026-06-02 01:51:27Z" end-time="2026-06-02 01:51:27Z" duration="0.005134" asserts="0">
                <properties>
                  <property name="retryIteration" value="0" />
                  <property name="repeatIteration" value="0" />
                </properties>
                <output><![CDATA[[☢️NUKECS] Created World 0
]]></output>
              </test-case>
              <test-case id="1276" name="EntityCount_ExceedsInitialCapacity" fullname="Wargon.Nukecs.Tests.WorldTests.EntityCount_ExceedsInitialCapacity" methodname="EntityCount_ExceedsInitialCapacity" classname="Wargon.Nukecs.Tests.WorldTests" runstate="Runnable" seed="840493257" result="Passed" start-time="2026-06-02 01:51:27Z" end-time="2026-06-02 01:51:27Z" duration="0.005452" asserts="0">
                <properties>
                  <property name="retryIteration" value="0" />
                  <property name="repeatIteration" value="0" />
                </properties>
                <output><![CDATA[[☢️NUKECS] Created World 0
]]></output>
              </test-case>
              <test-case id="1271" name="EntityDestroy_RemovesFromQueries" fullname="Wargon.Nukecs.Tests.WorldTests.EntityDestroy_RemovesFromQueries" methodname="EntityDestroy_RemovesFromQueries" classname="Wargon.Nukecs.Tests.WorldTests" runstate="Runnable" seed="1187304468" result="Passed" start-time="2026-06-02 01:51:27Z" end-time="2026-06-02 01:51:27Z" duration="0.005145" asserts="0">
                <properties>
                  <property name="retryIteration" value="0" />
                  <property name="repeatIteration" value="0" />
                </properties>
                <output><![CDATA[[☢️NUKECS] Created World 0
]]></output>
              </test-case>
              <test-case id="1261" name="GetComponent_ReturnsCorrectValues" fullname="Wargon.Nukecs.Tests.WorldTests.GetComponent_ReturnsCorrectValues" methodname="GetComponent_ReturnsCorrectValues" classname="Wargon.Nukecs.Tests.WorldTests" runstate="Runnable" seed="1095681381" result="Passed" start-time="2026-06-02 01:51:27Z" end-time="2026-06-02 01:51:27Z" duration="0.005377" asserts="0">
                <properties>
                  <property name="retryIteration" value="0" />
                  <property name="repeatIteration" value="0" />
                </properties>
                <output><![CDATA[[☢️NUKECS] Created World 0
]]></output>
              </test-case>
              <test-case id="1263" name="MultipleQueries_TrackDifferentComponentSets" fullname="Wargon.Nukecs.Tests.WorldTests.MultipleQueries_TrackDifferentComponentSets" methodname="MultipleQueries_TrackDifferentComponentSets" classname="Wargon.Nukecs.Tests.WorldTests" runstate="Runnable" seed="137526730" result="Passed" start-time="2026-06-02 01:51:27Z" end-time="2026-06-02 01:51:27Z" duration="0.005232" asserts="0">
                <properties>
                  <property name="retryIteration" value="0" />
                  <property name="repeatIteration" value="0" />
                </properties>
                <output><![CDATA[[☢️NUKECS] Created World 0
]]></output>
              </test-case>
              <test-case id="1274" name="MultipleWorlds_IsolatedEntities" fullname="Wargon.Nukecs.Tests.WorldTests.MultipleWorlds_IsolatedEntities" methodname="MultipleWorlds_IsolatedEntities" classname="Wargon.Nukecs.Tests.WorldTests" runstate="Runnable" seed="1087942874" result="Passed" start-time="2026-06-02 01:51:27Z" end-time="2026-06-02 01:51:27Z" duration="0.005271" asserts="0">
                <properties>
                  <property name="retryIteration" value="0" />
                  <property name="repeatIteration" value="0" />
                </properties>
                <output><![CDATA[[☢️NUKECS] Created World 0
[☢️NUKECS] Created World 1
]]></output>
              </test-case>
              <test-case id="1265" name="NullEntity_IsNotValid" fullname="Wargon.Nukecs.Tests.WorldTests.NullEntity_IsNotValid" methodname="NullEntity_IsNotValid" classname="Wargon.Nukecs.Tests.WorldTests" runstate="Runnable" seed="83826682" result="Passed" start-time="2026-06-02 01:51:27Z" end-time="2026-06-02 01:51:27Z" duration="0.000156" asserts="0">
                <properties>
                  <property name="retryIteration" value="0" />
                  <property name="repeatIteration" value="0" />
                </properties>
              </test-case>
              <test-case id="1273" name="PrefabSpawn_CreatesCopyWithComponents" fullname="Wargon.Nukecs.Tests.WorldTests.PrefabSpawn_CreatesCopyWithComponents" methodname="PrefabSpawn_CreatesCopyWithComponents" classname="Wargon.Nukecs.Tests.WorldTests" runstate="Runnable" seed="940233799" result="Passed" start-time="2026-06-02 01:51:27Z" end-time="2026-06-02 01:51:27Z" duration="0.004506" asserts="0">
                <properties>
                  <property name="retryIteration" value="0" />
                  <property name="repeatIteration" value="0" />
                </properties>
                <output><![CDATA[[☢️NUKECS] Created World 0
]]></output>
              </test-case>
              <test-case id="1266" name="QueryEnumeration_IteratesAllMatchingEntities" fullname="Wargon.Nukecs.Tests.WorldTests.QueryEnumeration_IteratesAllMatchingEntities" methodname="QueryEnumeration_IteratesAllMatchingEntities" classname="Wargon.Nukecs.Tests.WorldTests" runstate="Runnable" seed="1203919365" result="Passed" start-time="2026-06-02 01:51:27Z" end-time="2026-06-02 01:51:27Z" duration="0.004952" asserts="0">
                <properties>
                  <property name="retryIteration" value="0" />
                  <property name="repeatIteration" value="0" />
                </properties>
                <output><![CDATA[[☢️NUKECS] Created World 0
]]></output>
              </test-case>
              <test-case id="1259" name="QueryNone_ExcludesEntitiesWithExcludedComponent" fullname="Wargon.Nukecs.Tests.WorldTests.QueryNone_ExcludesEntitiesWithExcludedComponent" methodname="QueryNone_ExcludesEntitiesWithExcludedComponent" classname="Wargon.Nukecs.Tests.WorldTests" runstate="Runnable" seed="536743655" result="Passed" start-time="2026-06-02 01:51:27Z" end-time="2026-06-02 01:51:27Z" duration="0.004760" asserts="0">
                <properties>
                  <property name="retryIteration" value="0" />
                  <property name="repeatIteration" value="0" />
                </properties>
                <output><![CDATA[[☢️NUKECS] Created World 0
]]></output>
              </test-case>
              <test-case id="1272" name="QueryUpdates_AfterArchetypeChanges" fullname="Wargon.Nukecs.Tests.WorldTests.QueryUpdates_AfterArchetypeChanges" methodname="QueryUpdates_AfterArchetypeChanges" classname="Wargon.Nukecs.Tests.WorldTests" runstate="Runnable" seed="48753551" result="Passed" start-time="2026-06-02 01:51:27Z" end-time="2026-06-02 01:51:27Z" duration="0.004361" asserts="0">
                <properties>
                  <property name="retryIteration" value="0" />
                  <property name="repeatIteration" value="0" />
                </properties>
                <output><![CDATA[[☢️NUKECS] Created World 0
]]></output>
              </test-case>
              <test-case id="1258" name="QueryWithMultipleEntities_ReturnsOnlyMatchingEntities" fullname="Wargon.Nukecs.Tests.WorldTests.QueryWithMultipleEntities_ReturnsOnlyMatchingEntities" methodname="QueryWithMultipleEntities_ReturnsOnlyMatchingEntities" classname="Wargon.Nukecs.Tests.WorldTests" runstate="Runnable" seed="107680316" result="Passed" start-time="2026-06-02 01:51:27Z" end-time="2026-06-02 01:51:27Z" duration="0.006830" asserts="0">
                <properties>
                  <property name="retryIteration" value="0" />
                  <property name="repeatIteration" value="0" />
                </properties>
                <output><![CDATA[[☢️NUKECS] Created World 0
]]></output>
              </test-case>
              <test-case id="1257" name="RemoveComponent_IsDeferredUntilWorldUpdate" fullname="Wargon.Nukecs.Tests.WorldTests.RemoveComponent_IsDeferredUntilWorldUpdate" methodname="RemoveComponent_IsDeferredUntilWorldUpdate" classname="Wargon.Nukecs.Tests.WorldTests" runstate="Runnable" seed="533152745" result="Passed" start-time="2026-06-02 01:51:27Z" end-time="2026-06-02 01:51:27Z" duration="0.005146" asserts="0">
                <properties>
                  <property name="retryIteration" value="0" />
                  <property name="repeatIteration" value="0" />
                </properties>
                <output><![CDATA[[☢️NUKECS] Created World 0
]]></output>
              </test-case>
              <test-case id="1268" name="RemoveOneComponentOfMany_KeepsOtherComponents" fullname="Wargon.Nukecs.Tests.WorldTests.RemoveOneComponentOfMany_KeepsOtherComponents" methodname="RemoveOneComponentOfMany_KeepsOtherComponents" classname="Wargon.Nukecs.Tests.WorldTests" runstate="Runnable" seed="353923370" result="Passed" start-time="2026-06-02 01:51:27Z" end-time="2026-06-02 01:51:27Z" duration="0.004413" asserts="0">
                <properties>
                  <property name="retryIteration" value="0" />
                  <property name="repeatIteration" value="0" />
                </properties>
                <output><![CDATA[[☢️NUKECS] Created World 0
]]></output>
              </test-case>
              <test-case id="1262" name="SetComponent_UpdatesExistingComponentValue" fullname="Wargon.Nukecs.Tests.WorldTests.SetComponent_UpdatesExistingComponentValue" methodname="SetComponent_UpdatesExistingComponentValue" classname="Wargon.Nukecs.Tests.WorldTests" runstate="Runnable" seed="1951384541" result="Passed" start-time="2026-06-02 01:51:27Z" end-time="2026-06-02 01:51:27Z" duration="0.004632" asserts="0">
                <properties>
                  <property name="retryIteration" value="0" />
                  <property name="repeatIteration" value="0" />
                </properties>
                <output><![CDATA[[☢️NUKECS] Created World 0
]]></output>
              </test-case>
              <test-case id="1269" name="SingletonComponent_GetAndSetWorks" fullname="Wargon.Nukecs.Tests.WorldTests.SingletonComponent_GetAndSetWorks" methodname="SingletonComponent_GetAndSetWorks" classname="Wargon.Nukecs.Tests.WorldTests" runstate="Runnable" seed="583845508" result="Passed" start-time="2026-06-02 01:51:27Z" end-time="2026-06-02 01:51:27Z" duration="0.000102" asserts="0">
                <properties>
                  <property name="retryIteration" value="0" />
                  <property name="repeatIteration" value="0" />
                </properties>
              </test-case>
              <test-case id="1275" name="WorldDispose_CleansUpResources" fullname="Wargon.Nukecs.Tests.WorldTests.WorldDispose_CleansUpResources" methodname="WorldDispose_CleansUpResources" classname="Wargon.Nukecs.Tests.WorldTests" runstate="Runnable" seed="1471763" result="Passed" start-time="2026-06-02 01:51:27Z" end-time="2026-06-02 01:51:27Z" duration="0.004480" asserts="0">
                <properties>
                  <property name="retryIteration" value="0" />
                  <property name="repeatIteration" value="0" />
                </properties>
                <output><![CDATA[[☢️NUKECS] Created World 0
Saving results to: C:/Users/user/AppData/LocalLow/Wargon/PorjectTests\TestResults.xml
]]></output>
              </test-case>
            </test-suite>
          </test-suite>
        </test-suite>
      </test-suite>
    </test-suite>
  </test-suite>
</test-run>