<?xml version="1.0" encoding="utf-8"?>
<test-run id="2" testcasecount="1" result="Failed(Child)" total="1" passed="0" failed="1" inconclusive="0" skipped="0" asserts="0" engine-version="3.5.0.0" clr-version="4.0.30319.42000" start-time="2026-04-29 23:34:52Z" end-time="2026-04-29 23:34:52Z" duration="0,0089256">
  <test-suite type="TestSuite" id="1173" name="PorjectTests" fullname="PorjectTests" runstate="Runnable" testcasecount="141" result="Failed" site="Child" start-time="2026-04-29 23:34:52Z" end-time="2026-04-29 23:34:52Z" duration="0.008926" total="1" passed="0" failed="1" inconclusive="0" skipped="0" asserts="0">
    <properties>
      <property name="platform" value="EditMode" />
    </properties>
    <failure>
      <message><![CDATA[One or more child tests had errors]]></message>
    </failure>
    <test-suite type="Assembly" id="1158" name="Nukecs.Tests.dll" fullname="D:/Unity/NukecsSandbox/NukecsSandbox/Library/ScriptAssemblies/Nukecs.Tests.dll" runstate="Runnable" testcasecount="127" result="Failed" site="Child" start-time="2026-04-29 23:34:52Z" end-time="2026-04-29 23:34:52Z" duration="0.006615" total="1" passed="0" failed="1" inconclusive="0" skipped="0" asserts="0">
      <properties>
        <property name="_PID" value="17108" />
        <property name="_APPDOMAIN" value="Unity Child Domain" />
        <property name="platform" value="EditMode" />
        <property name="EditorOnly" value="True" />
      </properties>
      <failure>
        <message><![CDATA[One or more child tests had errors]]></message>
      </failure>
      <test-suite type="TestSuite" id="1159" name="Wargon" fullname="Wargon" runstate="Runnable" testcasecount="127" result="Failed" site="Child" start-time="2026-04-29 23:34:52Z" end-time="2026-04-29 23:34:52Z" duration="0.006290" total="1" passed="0" failed="1" inconclusive="0" skipped="0" asserts="0">
        <properties />
        <failure>
          <message><![CDATA[One or more child tests had errors]]></message>
        </failure>
        <test-suite type="TestSuite" id="1160" name="Nukecs" fullname="Wargon.Nukecs" runstate="Runnable" testcasecount="127" result="Failed" site="Child" start-time="2026-04-29 23:34:52Z" end-time="2026-04-29 23:34:52Z" duration="0.006030" total="1" passed="0" failed="1" inconclusive="0" skipped="0" asserts="0">
          <properties />
          <failure>
            <message><![CDATA[One or more child tests had errors]]></message>
          </failure>
          <test-suite type="TestSuite" id="1161" name="Tests" fullname="Wargon.Nukecs.Tests" runstate="Runnable" testcasecount="127" result="Failed" site="Child" start-time="2026-04-29 23:34:52Z" end-time="2026-04-29 23:34:52Z" duration="0.005753" total="1" passed="0" failed="1" inconclusive="0" skipped="0" asserts="0">
            <properties />
            <failure>
              <message><![CDATA[One or more child tests had errors]]></message>
            </failure>
            <test-suite type="TestFixture" id="1036" name="AdvancedTests" fullname="Wargon.Nukecs.Tests.AdvancedTests" classname="Wargon.Nukecs.Tests.AdvancedTests" runstate="Runnable" testcasecount="17" result="Failed" site="Child" start-time="2026-04-29 23:34:52Z" end-time="2026-04-29 23:34:52Z" duration="0.005397" total="1" passed="0" failed="1" inconclusive="0" skipped="0" asserts="0">
              <properties />
              <failure>
                <message><![CDATA[One or more child tests had errors]]></message>
              </failure>
              <test-case id="1053" name="TwoEntityIterateSystem_Query4_ForEach4" fullname="Wargon.Nukecs.Tests.AdvancedTests.TwoEntityIterateSystem_Query4_ForEach4" methodname="TwoEntityIterateSystem_Query4_ForEach4" classname="Wargon.Nukecs.Tests.AdvancedTests" runstate="Runnable" seed="838775249" result="Failed" start-time="2026-04-29 23:34:52Z" end-time="2026-04-29 23:34:52Z" duration="0.004644" asserts="0">
                <properties>
                  <property name="retryIteration" value="0" />
                  <property name="repeatIteration" value="0" />
                </properties>
                <failure>
                  <message><![CDATA[  Position X should be updated by code-generated system
  Expected: 2.0f
  But was:  3.0f
]]></message>
                  <stack-trace><![CDATA[at Wargon.Nukecs.Tests.AdvancedTests.TwoEntityIterateSystem_Query4_ForEach4 () [0x00143] in D:\Unity\NukecsSandbox\NukecsSandbox\Assets\Nukecs\UnitTests\AdvancedTests.cs:594
]]></stack-trace>
                </failure>
                <output><![CDATA[Created World 0
Saving results to: C:/Users/user/AppData/LocalLow/Wargon/PorjectTests\TestResults.xml
]]></output>
              </test-case>
            </test-suite>
          </test-suite>
        </test-suite>
      </test-suite>
    </test-suite>
  </test-suite>
</test-run>